#
# There is insufficient memory for the Java Runtime Environment to continue.
# Native memory allocation (malloc) failed to allocate 32744 bytes. Error detail: ChunkPool::allocate
# Possible reasons:
#   The system is out of physical RAM or swap space
#   This process is running with CompressedOops enabled, and the Java Heap may be blocking the growth of the native heap
# Possible solutions:
#   Reduce memory load on the system
#   Increase physical memory or swap space
#   Check if swap backing store is full
#   Decrease Java heap size (-Xmx/-Xms)
#   Decrease number of Java threads
#   Decrease Java thread stack sizes (-Xss)
#   Set larger code cache with -XX:ReservedCodeCacheSize=
#   JVM is running with Unscaled Compressed Oops mode in which the Java heap is
#     placed in the first 4GB address space. The Java Heap base address is the
#     maximum limit for the native heap growth. Please use -XX:HeapBaseMinAddress
#     to set the Java Heap base and to place the Java Heap above 4GB virtual address.
# This output file may be truncated or incomplete.
#
#  Out of Memory Error (arena.cpp:79), pid=36848, tid=41352
#
# JRE version: OpenJDK Runtime Environment Temurin-17.0.12+7 (17.0.12+7) (build 17.0.12+7)
# Java VM: OpenJDK 64-Bit Server VM Temurin-17.0.12+7 (17.0.12+7, mixed mode, sharing, tiered, compressed oops, compressed class ptrs, g1 gc, windows-amd64)
# No core dump will be written. Minidumps are not enabled by default on client versions of Windows
#

---------------  S U M M A R Y ------------

Command Line: -XX:+ShowCodeDetailsInExceptionMessages App

Host: AMD Ryzen 5 5625U with Radeon Graphics         , 12 cores, 7G,  Windows 11 , 64 bit Build 22621 (10.0.22621.3958)
Time: Tue Oct  8 09:00:21 2024 Eastern Daylight Time elapsed time: 5.666714 seconds (0d 0h 0m 5s)

---------------  T H R E A D  ---------------

Current thread (0x00000206d593abb0):  JavaThread "C1 CompilerThread0" daemon [_thread_in_native, id=41352, stack(0x000000eb16000000,0x000000eb16100000)]


Current CompileTask:
C1:   5666  607 % !   3       sun.awt.image.PNGImageDecoder::produceImage @ 960 (1917 bytes)

Stack: [0x000000eb16000000,0x000000eb16100000]
Native frames: (J=compiled Java code, j=interpreted, Vv=VM code, C=native code)
V  [jvm.dll+0x67f929]
V  [jvm.dll+0x8371ba]
V  [jvm.dll+0x838c7e]
V  [jvm.dll+0x8392e3]
V  [jvm.dll+0x24834f]
V  [jvm.dll+0xacbd1]
V  [jvm.dll+0xad01c]
V  [jvm.dll+0x14f08c]
V  [jvm.dll+0x17f1d8]
V  [jvm.dll+0x17c7bc]
V  [jvm.dll+0x136bc3]
V  [jvm.dll+0x1364cf]
V  [jvm.dll+0x136706]
V  [jvm.dll+0x135b9a]
V  [jvm.dll+0x137851]
V  [jvm.dll+0x229a2d]
V  [jvm.dll+0x227bdc]
V  [jvm.dll+0x7ec1f7]
V  [jvm.dll+0x7e65dc]
V  [jvm.dll+0x67e7f7]
C  [ucrtbase.dll+0x29333]
C  [KERNEL32.DLL+0x1257d]
C  [ntdll.dll+0x5af28]


---------------  P R O C E S S  ---------------

Threads class SMR info:
_java_thread_list=0x000002071bd86ed0, length=18, elements={
0x00000206b7686950, 0x00000206d591b690, 0x00000206d591c220, 0x00000206d59306a0,
0x00000206d5930f70, 0x00000206d5931840, 0x00000206d5932110, 0x00000206d5933dd0,
0x00000206d593abb0, 0x00000206d593d4d0, 0x00000206d5b6d4d0, 0x00000206d5b74a00,
0x00000206d5dc2cd0, 0x00000206d5dc31b0, 0x00000206d5dc66b0, 0x000002071bd7e720,
0x000002071bd87660, 0x00000206d5d38e80
}

Java Threads: ( => current thread )
  0x00000206b7686950 JavaThread "main" [_thread_in_native, id=21384, stack(0x000000eb15200000,0x000000eb15300000)]
  0x00000206d591b690 JavaThread "Reference Handler" daemon [_thread_blocked, id=20644, stack(0x000000eb15900000,0x000000eb15a00000)]
  0x00000206d591c220 JavaThread "Finalizer" daemon [_thread_blocked, id=16312, stack(0x000000eb15a00000,0x000000eb15b00000)]
  0x00000206d59306a0 JavaThread "Signal Dispatcher" daemon [_thread_blocked, id=26892, stack(0x000000eb15b00000,0x000000eb15c00000)]
  0x00000206d5930f70 JavaThread "Attach Listener" daemon [_thread_blocked, id=32188, stack(0x000000eb15c00000,0x000000eb15d00000)]
  0x00000206d5931840 JavaThread "Service Thread" daemon [_thread_blocked, id=42436, stack(0x000000eb15d00000,0x000000eb15e00000)]
  0x00000206d5932110 JavaThread "Monitor Deflation Thread" daemon [_thread_blocked, id=34744, stack(0x000000eb15e00000,0x000000eb15f00000)]
  0x00000206d5933dd0 JavaThread "C2 CompilerThread0" daemon [_thread_blocked, id=4552, stack(0x000000eb15f00000,0x000000eb16000000)]
=>0x00000206d593abb0 JavaThread "C1 CompilerThread0" daemon [_thread_in_native, id=41352, stack(0x000000eb16000000,0x000000eb16100000)]
  0x00000206d593d4d0 JavaThread "Sweeper thread" daemon [_thread_blocked, id=42108, stack(0x000000eb16100000,0x000000eb16200000)]
  0x00000206d5b6d4d0 JavaThread "Notification Thread" daemon [_thread_blocked, id=5352, stack(0x000000eb16200000,0x000000eb16300000)]
  0x00000206d5b74a00 JavaThread "Common-Cleaner" daemon [_thread_blocked, id=26676, stack(0x000000eb16400000,0x000000eb16500000)]
  0x00000206d5dc2cd0 JavaThread "Java2D Disposer" daemon [_thread_blocked, id=8872, stack(0x000000eb16500000,0x000000eb16600000)]
  0x00000206d5dc31b0 JavaThread "AWT-Shutdown" [_thread_blocked, id=17940, stack(0x000000eb16600000,0x000000eb16700000)]
  0x00000206d5dc66b0 JavaThread "AWT-Windows" daemon [_thread_in_native, id=33028, stack(0x000000eb16700000,0x000000eb16800000)]
  0x000002071bd7e720 JavaThread "AWT-EventQueue-0" [_thread_blocked, id=37488, stack(0x000000eb17100000,0x000000eb17200000)]
  0x000002071bd87660 JavaThread "Image Fetcher 0" daemon [_thread_blocked, id=31944, stack(0x000000eb17300000,0x000000eb17400000)]
  0x00000206d5d38e80 JavaThread "Image Fetcher 1" daemon [_thread_blocked, id=40404, stack(0x000000eb17400000,0x000000eb17500000)]

Other Threads:
  0x00000206d59140c0 VMThread "VM Thread" [stack: 0x000000eb15800000,0x000000eb15900000] [id=39668]
  0x00000206d5b6fe00 WatcherThread [stack: 0x000000eb16300000,0x000000eb16400000] [id=27284]
  0x00000206b76dd7e0 GCTaskThread "GC Thread#0" [stack: 0x000000eb15300000,0x000000eb15400000] [id=35140]
  0x00000206b76ed1c0 ConcurrentGCThread "G1 Main Marker" [stack: 0x000000eb15400000,0x000000eb15500000] [id=28452]
  0x00000206b76edaf0 ConcurrentGCThread "G1 Conc#0" [stack: 0x000000eb15500000,0x000000eb15600000] [id=30232]
  0x00000206d57d2860 ConcurrentGCThread "G1 Refine#0" [stack: 0x000000eb15600000,0x000000eb15700000] [id=36392]
  0x00000206d57d31a0 ConcurrentGCThread "G1 Service" [stack: 0x000000eb15700000,0x000000eb15800000] [id=17744]

Threads with active compile tasks:
C1 CompilerThread0     5754  607 % !   3       sun.awt.image.PNGImageDecoder::produceImage @ 960 (1917 bytes)

VM state: not at safepoint (normal execution)

VM Mutex/Monitor currently owned by a thread: None

Heap address: 0x000000008a400000, size: 1884 MB, Compressed Oops mode: 32-bit

CDS archive(s) mapped at: [0x00000206d6000000-0x00000206d6bb0000-0x00000206d6bb0000), size 12255232, SharedBaseAddress: 0x00000206d6000000, ArchiveRelocationMode: 1.
Compressed class space mapped at: 0x00000206d7000000-0x0000020717000000, reserved size: 1073741824
Narrow klass base: 0x00000206d6000000, Narrow klass shift: 0, Narrow klass range: 0x100000000

GC Precious Log:
 CPUs: 12 total, 12 available
 Memory: 7528M
 Large Page Support: Disabled
 NUMA Support: Disabled
 Compressed Oops: Enabled (32-bit)
 Heap Region Size: 1M
 Heap Min Capacity: 8M
 Heap Initial Capacity: 118M
 Heap Max Capacity: 1884M
 Pre-touch: Disabled
 Parallel Workers: 10
 Concurrent Workers: 3
 Concurrent Refinement Workers: 10
 Periodic GC: Disabled

Heap:
 garbage-first heap   total 120832K, used 11264K [0x000000008a400000, 0x0000000100000000)
  region size 1024K, 10 young (10240K), 0 survivors (0K)
 Metaspace       used 6439K, committed 6592K, reserved 1114112K
  class space    used 660K, committed 768K, reserved 1048576K

Heap Regions: E=young(eden), S=young(survivor), O=old, HS=humongous(starts), HC=humongous(continues), CS=collection set, F=free, OA=open archive, CA=closed archive, TAMS=top-at-mark-start (previous, next)
|   0|0x000000008a400000, 0x000000008a500000, 0x000000008a500000|100%|HS|  |TAMS 0x000000008a400000, 0x000000008a400000| Complete 
|   1|0x000000008a500000, 0x000000008a600000, 0x000000008a600000|100%|HC|  |TAMS 0x000000008a500000, 0x000000008a500000| Complete 
|   2|0x000000008a600000, 0x000000008a600000, 0x000000008a700000|  0%| F|  |TAMS 0x000000008a600000, 0x000000008a600000| Untracked 
|   3|0x000000008a700000, 0x000000008a700000, 0x000000008a800000|  0%| F|  |TAMS 0x000000008a700000, 0x000000008a700000| Untracked 
|   4|0x000000008a800000, 0x000000008a800000, 0x000000008a900000|  0%| F|  |TAMS 0x000000008a800000, 0x000000008a800000| Untracked 
|   5|0x000000008a900000, 0x000000008a900000, 0x000000008aa00000|  0%| F|  |TAMS 0x000000008a900000, 0x000000008a900000| Untracked 
|   6|0x000000008aa00000, 0x000000008aa00000, 0x000000008ab00000|  0%| F|  |TAMS 0x000000008aa00000, 0x000000008aa00000| Untracked 
|   7|0x000000008ab00000, 0x000000008ab00000, 0x000000008ac00000|  0%| F|  |TAMS 0x000000008ab00000, 0x000000008ab00000| Untracked 
|   8|0x000000008ac00000, 0x000000008ac00000, 0x000000008ad00000|  0%| F|  |TAMS 0x000000008ac00000, 0x000000008ac00000| Untracked 
|   9|0x000000008ad00000, 0x000000008ad00000, 0x000000008ae00000|  0%| F|  |TAMS 0x000000008ad00000, 0x000000008ad00000| Untracked 
|  10|0x000000008ae00000, 0x000000008ae00000, 0x000000008af00000|  0%| F|  |TAMS 0x000000008ae00000, 0x000000008ae00000| Untracked 
|  11|0x000000008af00000, 0x000000008af00000, 0x000000008b000000|  0%| F|  |TAMS 0x000000008af00000, 0x000000008af00000| Untracked 
|  12|0x000000008b000000, 0x000000008b000000, 0x000000008b100000|  0%| F|  |TAMS 0x000000008b000000, 0x000000008b000000| Untracked 
|  13|0x000000008b100000, 0x000000008b100000, 0x000000008b200000|  0%| F|  |TAMS 0x000000008b100000, 0x000000008b100000| Untracked 
|  14|0x000000008b200000, 0x000000008b200000, 0x000000008b300000|  0%| F|  |TAMS 0x000000008b200000, 0x000000008b200000| Untracked 
|  15|0x000000008b300000, 0x000000008b300000, 0x000000008b400000|  0%| F|  |TAMS 0x000000008b300000, 0x000000008b300000| Untracked 
|  16|0x000000008b400000, 0x000000008b400000, 0x000000008b500000|  0%| F|  |TAMS 0x000000008b400000, 0x000000008b400000| Untracked 
|  17|0x000000008b500000, 0x000000008b500000, 0x000000008b600000|  0%| F|  |TAMS 0x000000008b500000, 0x000000008b500000| Untracked 
|  18|0x000000008b600000, 0x000000008b600000, 0x000000008b700000|  0%| F|  |TAMS 0x000000008b600000, 0x000000008b600000| Untracked 
|  19|0x000000008b700000, 0x000000008b700000, 0x000000008b800000|  0%| F|  |TAMS 0x000000008b700000, 0x000000008b700000| Untracked 
|  20|0x000000008b800000, 0x000000008b800000, 0x000000008b900000|  0%| F|  |TAMS 0x000000008b800000, 0x000000008b800000| Untracked 
|  21|0x000000008b900000, 0x000000008b900000, 0x000000008ba00000|  0%| F|  |TAMS 0x000000008b900000, 0x000000008b900000| Untracked 
|  22|0x000000008ba00000, 0x000000008ba00000, 0x000000008bb00000|  0%| F|  |TAMS 0x000000008ba00000, 0x000000008ba00000| Untracked 
|  23|0x000000008bb00000, 0x000000008bb00000, 0x000000008bc00000|  0%| F|  |TAMS 0x000000008bb00000, 0x000000008bb00000| Untracked 
|  24|0x000000008bc00000, 0x000000008bc00000, 0x000000008bd00000|  0%| F|  |TAMS 0x000000008bc00000, 0x000000008bc00000| Untracked 
|  25|0x000000008bd00000, 0x000000008bd00000, 0x000000008be00000|  0%| F|  |TAMS 0x000000008bd00000, 0x000000008bd00000| Untracked 
|  26|0x000000008be00000, 0x000000008be00000, 0x000000008bf00000|  0%| F|  |TAMS 0x000000008be00000, 0x000000008be00000| Untracked 
|  27|0x000000008bf00000, 0x000000008bf00000, 0x000000008c000000|  0%| F|  |TAMS 0x000000008bf00000, 0x000000008bf00000| Untracked 
|  28|0x000000008c000000, 0x000000008c000000, 0x000000008c100000|  0%| F|  |TAMS 0x000000008c000000, 0x000000008c000000| Untracked 
|  29|0x000000008c100000, 0x000000008c100000, 0x000000008c200000|  0%| F|  |TAMS 0x000000008c100000, 0x000000008c100000| Untracked 
|  30|0x000000008c200000, 0x000000008c200000, 0x000000008c300000|  0%| F|  |TAMS 0x000000008c200000, 0x000000008c200000| Untracked 
|  31|0x000000008c300000, 0x000000008c300000, 0x000000008c400000|  0%| F|  |TAMS 0x000000008c300000, 0x000000008c300000| Untracked 
|  32|0x000000008c400000, 0x000000008c400000, 0x000000008c500000|  0%| F|  |TAMS 0x000000008c400000, 0x000000008c400000| Untracked 
|  33|0x000000008c500000, 0x000000008c500000, 0x000000008c600000|  0%| F|  |TAMS 0x000000008c500000, 0x000000008c500000| Untracked 
|  34|0x000000008c600000, 0x000000008c600000, 0x000000008c700000|  0%| F|  |TAMS 0x000000008c600000, 0x000000008c600000| Untracked 
|  35|0x000000008c700000, 0x000000008c700000, 0x000000008c800000|  0%| F|  |TAMS 0x000000008c700000, 0x000000008c700000| Untracked 
|  36|0x000000008c800000, 0x000000008c800000, 0x000000008c900000|  0%| F|  |TAMS 0x000000008c800000, 0x000000008c800000| Untracked 
|  37|0x000000008c900000, 0x000000008c900000, 0x000000008ca00000|  0%| F|  |TAMS 0x000000008c900000, 0x000000008c900000| Untracked 
|  38|0x000000008ca00000, 0x000000008ca00000, 0x000000008cb00000|  0%| F|  |TAMS 0x000000008ca00000, 0x000000008ca00000| Untracked 
|  39|0x000000008cb00000, 0x000000008cb00000, 0x000000008cc00000|  0%| F|  |TAMS 0x000000008cb00000, 0x000000008cb00000| Untracked 
|  40|0x000000008cc00000, 0x000000008cc00000, 0x000000008cd00000|  0%| F|  |TAMS 0x000000008cc00000, 0x000000008cc00000| Untracked 
|  41|0x000000008cd00000, 0x000000008cd00000, 0x000000008ce00000|  0%| F|  |TAMS 0x000000008cd00000, 0x000000008cd00000| Untracked 
|  42|0x000000008ce00000, 0x000000008ce00000, 0x000000008cf00000|  0%| F|  |TAMS 0x000000008ce00000, 0x000000008ce00000| Untracked 
|  43|0x000000008cf00000, 0x000000008cf00000, 0x000000008d000000|  0%| F|  |TAMS 0x000000008cf00000, 0x000000008cf00000| Untracked 
|  44|0x000000008d000000, 0x000000008d000000, 0x000000008d100000|  0%| F|  |TAMS 0x000000008d000000, 0x000000008d000000| Untracked 
|  45|0x000000008d100000, 0x000000008d100000, 0x000000008d200000|  0%| F|  |TAMS 0x000000008d100000, 0x000000008d100000| Untracked 
|  46|0x000000008d200000, 0x000000008d200000, 0x000000008d300000|  0%| F|  |TAMS 0x000000008d200000, 0x000000008d200000| Untracked 
|  47|0x000000008d300000, 0x000000008d300000, 0x000000008d400000|  0%| F|  |TAMS 0x000000008d300000, 0x000000008d300000| Untracked 
|  48|0x000000008d400000, 0x000000008d400000, 0x000000008d500000|  0%| F|  |TAMS 0x000000008d400000, 0x000000008d400000| Untracked 
|  49|0x000000008d500000, 0x000000008d500000, 0x000000008d600000|  0%| F|  |TAMS 0x000000008d500000, 0x000000008d500000| Untracked 
|  50|0x000000008d600000, 0x000000008d600000, 0x000000008d700000|  0%| F|  |TAMS 0x000000008d600000, 0x000000008d600000| Untracked 
|  51|0x000000008d700000, 0x000000008d700000, 0x000000008d800000|  0%| F|  |TAMS 0x000000008d700000, 0x000000008d700000| Untracked 
|  52|0x000000008d800000, 0x000000008d800000, 0x000000008d900000|  0%| F|  |TAMS 0x000000008d800000, 0x000000008d800000| Untracked 
|  53|0x000000008d900000, 0x000000008d900000, 0x000000008da00000|  0%| F|  |TAMS 0x000000008d900000, 0x000000008d900000| Untracked 
|  54|0x000000008da00000, 0x000000008da00000, 0x000000008db00000|  0%| F|  |TAMS 0x000000008da00000, 0x000000008da00000| Untracked 
|  55|0x000000008db00000, 0x000000008db00000, 0x000000008dc00000|  0%| F|  |TAMS 0x000000008db00000, 0x000000008db00000| Untracked 
|  56|0x000000008dc00000, 0x000000008dc00000, 0x000000008dd00000|  0%| F|  |TAMS 0x000000008dc00000, 0x000000008dc00000| Untracked 
|  57|0x000000008dd00000, 0x000000008dd00000, 0x000000008de00000|  0%| F|  |TAMS 0x000000008dd00000, 0x000000008dd00000| Untracked 
|  58|0x000000008de00000, 0x000000008de00000, 0x000000008df00000|  0%| F|  |TAMS 0x000000008de00000, 0x000000008de00000| Untracked 
|  59|0x000000008df00000, 0x000000008df00000, 0x000000008e000000|  0%| F|  |TAMS 0x000000008df00000, 0x000000008df00000| Untracked 
|  60|0x000000008e000000, 0x000000008e000000, 0x000000008e100000|  0%| F|  |TAMS 0x000000008e000000, 0x000000008e000000| Untracked 
|  61|0x000000008e100000, 0x000000008e100000, 0x000000008e200000|  0%| F|  |TAMS 0x000000008e100000, 0x000000008e100000| Untracked 
|  62|0x000000008e200000, 0x000000008e200000, 0x000000008e300000|  0%| F|  |TAMS 0x000000008e200000, 0x000000008e200000| Untracked 
|  63|0x000000008e300000, 0x000000008e300000, 0x000000008e400000|  0%| F|  |TAMS 0x000000008e300000, 0x000000008e300000| Untracked 
|  64|0x000000008e400000, 0x000000008e400000, 0x000000008e500000|  0%| F|  |TAMS 0x000000008e400000, 0x000000008e400000| Untracked 
|  65|0x000000008e500000, 0x000000008e500000, 0x000000008e600000|  0%| F|  |TAMS 0x000000008e500000, 0x000000008e500000| Untracked 
|  66|0x000000008e600000, 0x000000008e600000, 0x000000008e700000|  0%| F|  |TAMS 0x000000008e600000, 0x000000008e600000| Untracked 
|  67|0x000000008e700000, 0x000000008e700000, 0x000000008e800000|  0%| F|  |TAMS 0x000000008e700000, 0x000000008e700000| Untracked 
|  68|0x000000008e800000, 0x000000008e800000, 0x000000008e900000|  0%| F|  |TAMS 0x000000008e800000, 0x000000008e800000| Untracked 
|  69|0x000000008e900000, 0x000000008e900000, 0x000000008ea00000|  0%| F|  |TAMS 0x000000008e900000, 0x000000008e900000| Untracked 
|  70|0x000000008ea00000, 0x000000008ea00000, 0x000000008eb00000|  0%| F|  |TAMS 0x000000008ea00000, 0x000000008ea00000| Untracked 
|  71|0x000000008eb00000, 0x000000008eb00000, 0x000000008ec00000|  0%| F|  |TAMS 0x000000008eb00000, 0x000000008eb00000| Untracked 
|  72|0x000000008ec00000, 0x000000008ec00000, 0x000000008ed00000|  0%| F|  |TAMS 0x000000008ec00000, 0x000000008ec00000| Untracked 
|  73|0x000000008ed00000, 0x000000008ed00000, 0x000000008ee00000|  0%| F|  |TAMS 0x000000008ed00000, 0x000000008ed00000| Untracked 
|  74|0x000000008ee00000, 0x000000008ee00000, 0x000000008ef00000|  0%| F|  |TAMS 0x000000008ee00000, 0x000000008ee00000| Untracked 
|  75|0x000000008ef00000, 0x000000008ef00000, 0x000000008f000000|  0%| F|  |TAMS 0x000000008ef00000, 0x000000008ef00000| Untracked 
|  76|0x000000008f000000, 0x000000008f000000, 0x000000008f100000|  0%| F|  |TAMS 0x000000008f000000, 0x000000008f000000| Untracked 
|  77|0x000000008f100000, 0x000000008f100000, 0x000000008f200000|  0%| F|  |TAMS 0x000000008f100000, 0x000000008f100000| Untracked 
|  78|0x000000008f200000, 0x000000008f200000, 0x000000008f300000|  0%| F|  |TAMS 0x000000008f200000, 0x000000008f200000| Untracked 
|  79|0x000000008f300000, 0x000000008f300000, 0x000000008f400000|  0%| F|  |TAMS 0x000000008f300000, 0x000000008f300000| Untracked 
|  80|0x000000008f400000, 0x000000008f400000, 0x000000008f500000|  0%| F|  |TAMS 0x000000008f400000, 0x000000008f400000| Untracked 
|  81|0x000000008f500000, 0x000000008f500000, 0x000000008f600000|  0%| F|  |TAMS 0x000000008f500000, 0x000000008f500000| Untracked 
|  82|0x000000008f600000, 0x000000008f600000, 0x000000008f700000|  0%| F|  |TAMS 0x000000008f600000, 0x000000008f600000| Untracked 
|  83|0x000000008f700000, 0x000000008f700000, 0x000000008f800000|  0%| F|  |TAMS 0x000000008f700000, 0x000000008f700000| Untracked 
|  84|0x000000008f800000, 0x000000008f800000, 0x000000008f900000|  0%| F|  |TAMS 0x000000008f800000, 0x000000008f800000| Untracked 
|  85|0x000000008f900000, 0x000000008f900000, 0x000000008fa00000|  0%| F|  |TAMS 0x000000008f900000, 0x000000008f900000| Untracked 
|  86|0x000000008fa00000, 0x000000008fa00000, 0x000000008fb00000|  0%| F|  |TAMS 0x000000008fa00000, 0x000000008fa00000| Untracked 
|  87|0x000000008fb00000, 0x000000008fb00000, 0x000000008fc00000|  0%| F|  |TAMS 0x000000008fb00000, 0x000000008fb00000| Untracked 
|  88|0x000000008fc00000, 0x000000008fc00000, 0x000000008fd00000|  0%| F|  |TAMS 0x000000008fc00000, 0x000000008fc00000| Untracked 
|  89|0x000000008fd00000, 0x000000008fd00000, 0x000000008fe00000|  0%| F|  |TAMS 0x000000008fd00000, 0x000000008fd00000| Untracked 
|  90|0x000000008fe00000, 0x000000008fe00000, 0x000000008ff00000|  0%| F|  |TAMS 0x000000008fe00000, 0x000000008fe00000| Untracked 
|  91|0x000000008ff00000, 0x000000008ff00000, 0x0000000090000000|  0%| F|  |TAMS 0x000000008ff00000, 0x000000008ff00000| Untracked 
|  92|0x0000000090000000, 0x0000000090000000, 0x0000000090100000|  0%| F|  |TAMS 0x0000000090000000, 0x0000000090000000| Untracked 
|  93|0x0000000090100000, 0x0000000090100000, 0x0000000090200000|  0%| F|  |TAMS 0x0000000090100000, 0x0000000090100000| Untracked 
|  94|0x0000000090200000, 0x0000000090200000, 0x0000000090300000|  0%| F|  |TAMS 0x0000000090200000, 0x0000000090200000| Untracked 
|  95|0x0000000090300000, 0x0000000090300000, 0x0000000090400000|  0%| F|  |TAMS 0x0000000090300000, 0x0000000090300000| Untracked 
|  96|0x0000000090400000, 0x0000000090400000, 0x0000000090500000|  0%| F|  |TAMS 0x0000000090400000, 0x0000000090400000| Untracked 
|  97|0x0000000090500000, 0x0000000090500000, 0x0000000090600000|  0%| F|  |TAMS 0x0000000090500000, 0x0000000090500000| Untracked 
|  98|0x0000000090600000, 0x0000000090600000, 0x0000000090700000|  0%| F|  |TAMS 0x0000000090600000, 0x0000000090600000| Untracked 
|  99|0x0000000090700000, 0x0000000090700000, 0x0000000090800000|  0%| F|  |TAMS 0x0000000090700000, 0x0000000090700000| Untracked 
| 100|0x0000000090800000, 0x0000000090800000, 0x0000000090900000|  0%| F|  |TAMS 0x0000000090800000, 0x0000000090800000| Untracked 
| 101|0x0000000090900000, 0x0000000090900000, 0x0000000090a00000|  0%| F|  |TAMS 0x0000000090900000, 0x0000000090900000| Untracked 
| 102|0x0000000090a00000, 0x0000000090a00000, 0x0000000090b00000|  0%| F|  |TAMS 0x0000000090a00000, 0x0000000090a00000| Untracked 
| 103|0x0000000090b00000, 0x0000000090b00000, 0x0000000090c00000|  0%| F|  |TAMS 0x0000000090b00000, 0x0000000090b00000| Untracked 
| 104|0x0000000090c00000, 0x0000000090c00000, 0x0000000090d00000|  0%| F|  |TAMS 0x0000000090c00000, 0x0000000090c00000| Untracked 
| 105|0x0000000090d00000, 0x0000000090d00000, 0x0000000090e00000|  0%| F|  |TAMS 0x0000000090d00000, 0x0000000090d00000| Untracked 
| 106|0x0000000090e00000, 0x0000000090e00000, 0x0000000090f00000|  0%| F|  |TAMS 0x0000000090e00000, 0x0000000090e00000| Untracked 
| 107|0x0000000090f00000, 0x0000000090f00000, 0x0000000091000000|  0%| F|  |TAMS 0x0000000090f00000, 0x0000000090f00000| Untracked 
| 108|0x0000000091000000, 0x0000000091076c48, 0x0000000091100000| 46%| E|  |TAMS 0x0000000091000000, 0x0000000091000000| Complete 
| 109|0x0000000091100000, 0x0000000091200000, 0x0000000091200000|100%| E|CS|TAMS 0x0000000091100000, 0x0000000091100000| Complete 
| 110|0x0000000091200000, 0x0000000091300000, 0x0000000091300000|100%| E|CS|TAMS 0x0000000091200000, 0x0000000091200000| Complete 
| 111|0x0000000091300000, 0x0000000091400000, 0x0000000091400000|100%| E|CS|TAMS 0x0000000091300000, 0x0000000091300000| Complete 
| 112|0x0000000091400000, 0x0000000091500000, 0x0000000091500000|100%| E|CS|TAMS 0x0000000091400000, 0x0000000091400000| Complete 
| 113|0x0000000091500000, 0x0000000091600000, 0x0000000091600000|100%| E|CS|TAMS 0x0000000091500000, 0x0000000091500000| Complete 
| 114|0x0000000091600000, 0x0000000091700000, 0x0000000091700000|100%| E|CS|TAMS 0x0000000091600000, 0x0000000091600000| Complete 
| 115|0x0000000091700000, 0x0000000091800000, 0x0000000091800000|100%| E|CS|TAMS 0x0000000091700000, 0x0000000091700000| Complete 
| 116|0x0000000091800000, 0x0000000091900000, 0x0000000091900000|100%| E|CS|TAMS 0x0000000091800000, 0x0000000091800000| Complete 
| 117|0x0000000091900000, 0x0000000091a00000, 0x0000000091a00000|100%| E|CS|TAMS 0x0000000091900000, 0x0000000091900000| Complete 

Card table byte_map: [0x00000206ceac0000,0x00000206cee70000] _byte_map_base: 0x00000206ce66e000

Marking Bits (Prev, Next): (CMBitMap*) 0x00000206b76ddd10, (CMBitMap*) 0x00000206b76ddd50
 Prev Bits: [0x00000206cf220000, 0x00000206d0f90000)
 Next Bits: [0x00000206d0f90000, 0x00000206d2d00000)

Polling page: 0x00000206b5670000

Metaspace:

Usage:
  Non-class:      5.64 MB used.
      Class:    660.48 KB used.
       Both:      6.29 MB used.

Virtual space:
  Non-class space:       64.00 MB reserved,       5.69 MB (  9%) committed,  1 nodes.
      Class space:        1.00 GB reserved,     768.00 KB ( <1%) committed,  1 nodes.
             Both:        1.06 GB reserved,       6.44 MB ( <1%) committed. 

Chunk freelists:
   Non-Class:  10.20 MB
       Class:  15.24 MB
        Both:  25.44 MB

MaxMetaspaceSize: unlimited
CompressedClassSpaceSize: 1.00 GB
Initial GC threshold: 21.00 MB
Current GC threshold: 21.00 MB
CDS: on
MetaspaceReclaimPolicy: balanced
 - commit_granule_bytes: 65536.
 - commit_granule_words: 8192.
 - virtual_space_node_default_size: 8388608.
 - enlarge_chunks_in_place: 1.
 - new_chunks_are_fully_committed: 0.
 - uncommit_free_chunks: 1.
 - use_allocation_guard: 0.
 - handle_deallocations: 1.


Internal statistics:

num_allocs_failed_limit: 0.
num_arena_births: 108.
num_arena_deaths: 0.
num_vsnodes_births: 2.
num_vsnodes_deaths: 0.
num_space_committed: 103.
num_space_uncommitted: 0.
num_chunks_returned_to_freelist: 0.
num_chunks_taken_from_freelist: 159.
num_chunk_merges: 0.
num_chunk_splits: 107.
num_chunks_enlarged: 64.
num_inconsistent_stats: 0.

CodeHeap 'non-profiled nmethods': size=120000Kb used=168Kb max_used=168Kb free=119831Kb
 bounds [0x00000206c6c90000, 0x00000206c6f00000, 0x00000206ce1c0000]
CodeHeap 'profiled nmethods': size=120000Kb used=848Kb max_used=848Kb free=119151Kb
 bounds [0x00000206bf1c0000, 0x00000206bf430000, 0x00000206c66f0000]
CodeHeap 'non-nmethods': size=5760Kb used=1260Kb max_used=1274Kb free=4499Kb
 bounds [0x00000206c66f0000, 0x00000206c6960000, 0x00000206c6c90000]
 total_blobs=1192 nmethods=607 adapters=498
 compilation: enabled
              stopped_count=0, restarted_count=0
 full_count=0

Compilation events (20 events):
Event: 5.583 Thread 0x00000206d593abb0 nmethod 597 0x00000206bf290390 code [0x00000206bf2905e0, 0x00000206bf290ef8]
Event: 5.583 Thread 0x00000206d593abb0  599  s    3       java.io.BufferedInputStream::read (113 bytes)
Event: 5.585 Thread 0x00000206d593abb0 nmethod 599 0x00000206bf291190 code [0x00000206bf2913c0, 0x00000206bf291c98]
Event: 5.585 Thread 0x00000206d593abb0  598  s    3       sun.awt.image.InputStreamImageSource::doneDecoding (25 bytes)
Event: 5.585 Thread 0x00000206d5933dd0  600       4       java.lang.AbstractStringBuilder::ensureCapacityInternal (39 bytes)
Event: 5.585 Thread 0x00000206d593abb0 nmethod 598 0x00000206bf291f10 code [0x00000206bf2920c0, 0x00000206bf292348]
Event: 5.585 Thread 0x00000206d593abb0  601       1       java.net.URL::getPort (5 bytes)
Event: 5.585 Thread 0x00000206d593abb0 nmethod 601 0x00000206c6cb9190 code [0x00000206c6cb9320, 0x00000206c6cb93f8]
Event: 5.592 Thread 0x00000206d5933dd0 nmethod 600 0x00000206c6cb9490 code [0x00000206c6cb9620, 0x00000206c6cb9a88]
Event: 5.596 Thread 0x00000206d593abb0  602       3       sun.awt.image.ImageWatched::newInfo (25 bytes)
Event: 5.596 Thread 0x00000206d593abb0 nmethod 602 0x00000206bf292410 code [0x00000206bf2925a0, 0x00000206bf292738]
Event: 5.596 Thread 0x00000206d593abb0  605       3       sun.awt.image.IntegerInterleavedRaster::setDataElements (134 bytes)
Event: 5.598 Thread 0x00000206d593abb0 nmethod 605 0x00000206bf292890 code [0x00000206bf292a80, 0x00000206bf293178]
Event: 5.598 Thread 0x00000206d593abb0  603       3       sun.awt.image.InputStreamImageSource::latchConsumers (6 bytes)
Event: 5.598 Thread 0x00000206d593abb0 nmethod 603 0x00000206bf293410 code [0x00000206bf2935c0, 0x00000206bf293968]
Event: 5.598 Thread 0x00000206d593abb0  604       3       sun.java2d.StateTrackableDelegate::markDirty (6 bytes)
Event: 5.598 Thread 0x00000206d593abb0 nmethod 604 0x00000206bf293a90 code [0x00000206bf293c20, 0x00000206bf293d58]
Event: 5.598 Thread 0x00000206d593abb0  606       3       sun.awt.image.SunWritableRaster::markDirty (8 bytes)
Event: 5.598 Thread 0x00000206d593abb0 nmethod 606 0x00000206bf293e10 code [0x00000206bf293fa0, 0x00000206bf294138]
Event: 5.604 Thread 0x00000206d593abb0  607 % !   3       sun.awt.image.PNGImageDecoder::produceImage @ 960 (1917 bytes)

GC Heap History (0 events):
No events

Dll operation events (9 events):
Event: 0.022 Loaded shared library C:\Program Files\Eclipse Adoptium\jdk-17.0.12.7-hotspot\bin\java.dll
Event: 0.128 Loaded shared library C:\Program Files\Eclipse Adoptium\jdk-17.0.12.7-hotspot\bin\jsvml.dll
Event: 0.302 Loaded shared library C:\Program Files\Eclipse Adoptium\jdk-17.0.12.7-hotspot\bin\net.dll
Event: 0.307 Loaded shared library C:\Program Files\Eclipse Adoptium\jdk-17.0.12.7-hotspot\bin\nio.dll
Event: 0.316 Loaded shared library C:\Program Files\Eclipse Adoptium\jdk-17.0.12.7-hotspot\bin\zip.dll
Event: 0.423 Loaded shared library C:\Program Files\Eclipse Adoptium\jdk-17.0.12.7-hotspot\bin\jimage.dll
Event: 0.437 Loaded shared library C:\Program Files\Eclipse Adoptium\jdk-17.0.12.7-hotspot\bin\awt.dll
Event: 5.242 Loaded shared library C:\Program Files\Eclipse Adoptium\jdk-17.0.12.7-hotspot\bin\freetype.dll
Event: 5.248 Loaded shared library C:\Program Files\Eclipse Adoptium\jdk-17.0.12.7-hotspot\bin\fontmanager.dll

Deoptimization events (2 events):
Event: 5.238 Thread 0x00000206b7686950 DEOPT PACKING pc=0x00000206bf1d18e7 sp=0x000000eb152fc230
Event: 5.238 Thread 0x00000206b7686950 DEOPT UNPACKING pc=0x00000206c6747143 sp=0x000000eb152fb650 mode 0

Classes loaded (20 events):
Event: 5.482 Loading class java/awt/image/SampleModel done
Event: 5.482 Loading class java/awt/image/SinglePixelPackedSampleModel done
Event: 5.484 Loading class sun/awt/image/IntegerInterleavedRaster
Event: 5.485 Loading class sun/awt/image/IntegerComponentRaster
Event: 5.486 Loading class sun/awt/image/IntegerComponentRaster done
Event: 5.486 Loading class sun/awt/image/IntegerInterleavedRaster done
Event: 5.498 Loading class java/awt/image/BufferedImage$1
Event: 5.530 Loading class java/awt/image/BufferedImage$1 done
Event: 5.535 Loading class java/lang/StrictMath
Event: 5.535 Loading class java/lang/StrictMath done
Event: 5.545 Loading class sun/awt/image/BufImgSurfaceManager
Event: 5.545 Loading class sun/awt/image/BufImgSurfaceManager done
Event: 5.545 Loading class sun/awt/image/BufImgSurfaceData
Event: 5.546 Loading class sun/awt/image/BufImgSurfaceData done
Event: 5.546 Loading class sun/awt/image/BufImgSurfaceData$ICMColorData
Event: 5.546 Loading class sun/awt/image/BufImgSurfaceData$ICMColorData done
Event: 5.547 Loading class sun/awt/image/BufferedImageGraphicsConfig
Event: 5.547 Loading class sun/awt/image/BufferedImageGraphicsConfig done
Event: 5.547 Loading class sun/awt/image/BufferedImageDevice
Event: 5.547 Loading class sun/awt/image/BufferedImageDevice done

Classes unloaded (0 events):
No events

Classes redefined (0 events):
No events

Internal exceptions (13 events):
Event: 0.379 Thread 0x00000206b7686950 Exception <a 'java/lang/NoSuchMethodError'{0x00000000918c62b0}: 'void java.lang.invoke.DirectMethodHandle$Holder.invokeStatic(java.lang.Object, java.lang.Object, java.lang.Object)'> (0x00000000918c62b0) 
thrown [s\src\hotspot\share\interpreter\linkResolver.cpp, line 759]
Event: 0.404 Thread 0x00000206b7686950 Exception <a 'java/lang/ClassNotFoundException'{0x000000009170fb60}: sun/awt/resources/spi/awtProvider> (0x000000009170fb60) 
thrown [s\src\hotspot\share\classfile\systemDictionary.cpp, line 256]
Event: 0.459 Thread 0x00000206b7686950 Exception <a 'java/io/FileNotFoundException'{0x0000000091765078}> (0x0000000091765078) 
thrown [s\src\hotspot\share\prims\jni.cpp, line 516]
Event: 0.473 Thread 0x00000206b7686950 Exception <a 'java/io/FileNotFoundException'{0x0000000091792260}> (0x0000000091792260) 
thrown [s\src\hotspot\share\prims\jni.cpp, line 516]
Event: 0.550 Thread 0x00000206b7686950 Exception <a 'java/lang/NoSuchMethodError'{0x00000000917ca9c8}: 'java.lang.Object java.lang.invoke.DirectMethodHandle$Holder.invokeStaticInit(java.lang.Object)'> (0x00000000917ca9c8) 
thrown [s\src\hotspot\share\interpreter\linkResolver.cpp, line 759]
Event: 4.918 Thread 0x00000206b7686950 Exception <a 'java/lang/NoSuchMethodError'{0x0000000091531378}: 'void java.lang.invoke.DirectMethodHandle$Holder.invokeSpecial(java.lang.Object, java.lang.Object, java.lang.Object)'> (0x0000000091531378) 
thrown [s\src\hotspot\share\interpreter\linkResolver.cpp, line 759]
Event: 4.951 Thread 0x00000206b7686950 Exception <a 'java/lang/NoSuchMethodError'{0x000000009155b208}: 'java.lang.Object java.lang.invoke.DirectMethodHandle$Holder.newInvokeSpecial(java.lang.Object, java.lang.Object, java.lang.Object, java.lang.Object, java.lang.Object)'> (0x000000009155b208) 
thrown [s\src\hotspot\share\interpreter\linkResolver.cpp, line 759]
Event: 4.957 Thread 0x00000206b7686950 Exception <a 'java/lang/NoSuchMethodError'{0x0000000091566ba0}: 'java.lang.Object java.lang.invoke.DirectMethodHandle$Holder.invokeStatic(java.lang.Object, int, java.lang.Object, java.lang.Object, java.lang.Object, java.lang.Object)'> (0x0000000091566ba0) 
thrown [s\src\hotspot\share\interpreter\linkResolver.cpp, line 759]
Event: 4.972 Thread 0x00000206b7686950 Exception <a 'java/lang/NoSuchMethodError'{0x000000009158c478}: 'java.lang.Object java.lang.invoke.DirectMethodHandle$Holder.invokeStatic(java.lang.Object, int, java.lang.Object)'> (0x000000009158c478) 
thrown [s\src\hotspot\share\interpreter\linkResolver.cpp, line 759]
Event: 5.038 Thread 0x00000206b7686950 Exception <a 'java/lang/ClassNotFoundException'{0x0000000091443a70}: com/sun/swing/internal/plaf/metal/resources/spi/metalProvider> (0x0000000091443a70) 
thrown [s\src\hotspot\share\classfile\systemDictionary.cpp, line 256]
Event: 5.040 Thread 0x00000206b7686950 Exception <a 'java/lang/ClassNotFoundException'{0x00000000914478b8}: com/sun/swing/internal/plaf/basic/resources/spi/basicProvider> (0x00000000914478b8) 
thrown [s\src\hotspot\share\classfile\systemDictionary.cpp, line 256]
Event: 5.148 Thread 0x00000206d5dc66b0 Exception <a 'java/lang/NoSuchMethodError'{0x000000009147be90}: 'void java.lang.invoke.DirectMethodHandle$Holder.invokeVirtual(java.lang.Object, java.lang.Object)'> (0x000000009147be90) 
thrown [s\src\hotspot\share\interpreter\linkResolver.cpp, line 759]
Event: 5.206 Thread 0x00000206b7686950 Exception <a 'java/lang/NoSuchMethodError'{0x00000000913013f8}: 'void java.lang.invoke.DirectMethodHandle$Holder.invokeStaticInit(java.lang.Object)'> (0x00000000913013f8) 
thrown [s\src\hotspot\share\interpreter\linkResolver.cpp, line 759]

VM Operations (10 events):
Event: 0.324 Executing VM operation: HandshakeAllThreads
Event: 0.324 Executing VM operation: HandshakeAllThreads done
Event: 1.331 Executing VM operation: Cleanup
Event: 1.331 Executing VM operation: Cleanup done
Event: 4.791 Executing VM operation: HandshakeAllThreads
Event: 4.791 Executing VM operation: HandshakeAllThreads done
Event: 5.304 Executing VM operation: HandshakeAllThreads
Event: 5.392 Executing VM operation: HandshakeAllThreads done
Event: 5.392 Executing VM operation: Cleanup
Event: 5.392 Executing VM operation: Cleanup done

Events (18 events):
Event: 0.129 Thread 0x00000206b7686950 Thread added: 0x00000206b7686950
Event: 0.159 Thread 0x00000206d591b690 Thread added: 0x00000206d591b690
Event: 0.159 Thread 0x00000206d591c220 Thread added: 0x00000206d591c220
Event: 0.203 Thread 0x00000206d59306a0 Thread added: 0x00000206d59306a0
Event: 0.203 Thread 0x00000206d5930f70 Thread added: 0x00000206d5930f70
Event: 0.203 Thread 0x00000206d5931840 Thread added: 0x00000206d5931840
Event: 0.203 Thread 0x00000206d5932110 Thread added: 0x00000206d5932110
Event: 0.204 Thread 0x00000206d5933dd0 Thread added: 0x00000206d5933dd0
Event: 0.205 Thread 0x00000206d593abb0 Thread added: 0x00000206d593abb0
Event: 0.206 Thread 0x00000206d593d4d0 Thread added: 0x00000206d593d4d0
Event: 0.260 Thread 0x00000206d5b6d4d0 Thread added: 0x00000206d5b6d4d0
Event: 0.267 Thread 0x00000206d5b74a00 Thread added: 0x00000206d5b74a00
Event: 0.552 Thread 0x00000206d5dc2cd0 Thread added: 0x00000206d5dc2cd0
Event: 0.554 Thread 0x00000206d5dc31b0 Thread added: 0x00000206d5dc31b0
Event: 0.840 Thread 0x00000206d5dc66b0 Thread added: 0x00000206d5dc66b0
Event: 5.157 Thread 0x000002071bd7e720 Thread added: 0x000002071bd7e720
Event: 5.431 Thread 0x000002071bd87660 Thread added: 0x000002071bd87660
Event: 5.539 Thread 0x00000206d5d38e80 Thread added: 0x00000206d5d38e80


Dynamic libraries:
0x00007ff74f930000 - 0x00007ff74f93e000 	C:\Program Files\Eclipse Adoptium\jdk-17.0.12.7-hotspot\bin\java.exe
0x00007ff8d5d30000 - 0x00007ff8d5f47000 	C:\Windows\SYSTEM32\ntdll.dll
0x00007ff8d4930000 - 0x00007ff8d49f4000 	C:\Windows\System32\KERNEL32.DLL
0x00007ff8d3170000 - 0x00007ff8d351d000 	C:\Windows\System32\KERNELBASE.dll
0x00007ff8d3050000 - 0x00007ff8d3161000 	C:\Windows\System32\ucrtbase.dll
0x00007ff8c0790000 - 0x00007ff8c07a7000 	C:\Program Files\Eclipse Adoptium\jdk-17.0.12.7-hotspot\bin\jli.dll
0x00007ff8bf600000 - 0x00007ff8bf61b000 	C:\Program Files\Eclipse Adoptium\jdk-17.0.12.7-hotspot\bin\VCRUNTIME140.dll
0x00007ff8d4600000 - 0x00007ff8d47ae000 	C:\Windows\System32\USER32.dll
0x00007ff8c09a0000 - 0x00007ff8c0c33000 	C:\Windows\WinSxS\amd64_microsoft.windows.common-controls_6595b64144ccf1df_6.0.22621.3672_none_2713b9d173822955\COMCTL32.dll
0x00007ff8d44c0000 - 0x00007ff8d4567000 	C:\Windows\System32\msvcrt.dll
0x00007ff8d5c10000 - 0x00007ff8d5c39000 	C:\Windows\System32\GDI32.dll
0x00007ff8d3910000 - 0x00007ff8d3936000 	C:\Windows\System32\win32u.dll
0x00007ff8d3940000 - 0x00007ff8d3a59000 	C:\Windows\System32\gdi32full.dll
0x00007ff8d3870000 - 0x00007ff8d390a000 	C:\Windows\System32\msvcp_win.dll
0x00007ff8d4eb0000 - 0x00007ff8d4ee1000 	C:\Windows\System32\IMM32.DLL
0x00007ff8d0700000 - 0x00007ff8d070c000 	C:\Program Files\Eclipse Adoptium\jdk-17.0.12.7-hotspot\bin\vcruntime140_1.dll
0x00007ff89c640000 - 0x00007ff89c6cd000 	C:\Program Files\Eclipse Adoptium\jdk-17.0.12.7-hotspot\bin\msvcp140.dll
0x00007ff87af20000 - 0x00007ff87bb8a000 	C:\Program Files\Eclipse Adoptium\jdk-17.0.12.7-hotspot\bin\server\jvm.dll
0x00007ff8d3cb0000 - 0x00007ff8d3d62000 	C:\Windows\System32\ADVAPI32.dll
0x00007ff8d4d00000 - 0x00007ff8d4da9000 	C:\Windows\System32\sechost.dll
0x00007ff8d3840000 - 0x00007ff8d3868000 	C:\Windows\System32\bcrypt.dll
0x00007ff8d4810000 - 0x00007ff8d4924000 	C:\Windows\System32\RPCRT4.dll
0x00007ff8d3c30000 - 0x00007ff8d3ca1000 	C:\Windows\System32\WS2_32.dll
0x00007ff8d2cc0000 - 0x00007ff8d2d0d000 	C:\Windows\SYSTEM32\POWRPROF.dll
0x00007ff8d0460000 - 0x00007ff8d0494000 	C:\Windows\SYSTEM32\WINMM.dll
0x00007ff8c9060000 - 0x00007ff8c906a000 	C:\Windows\SYSTEM32\VERSION.dll
0x00007ff8d2ca0000 - 0x00007ff8d2cb3000 	C:\Windows\SYSTEM32\UMPDC.dll
0x00007ff8d20a0000 - 0x00007ff8d20b8000 	C:\Windows\SYSTEM32\kernel.appcore.dll
0x00007ff8d0600000 - 0x00007ff8d060a000 	C:\Program Files\Eclipse Adoptium\jdk-17.0.12.7-hotspot\bin\jimage.dll
0x00007ff8d08b0000 - 0x00007ff8d0ae2000 	C:\Windows\SYSTEM32\DBGHELP.DLL
0x00007ff8d5880000 - 0x00007ff8d5c0e000 	C:\Windows\System32\combase.dll
0x00007ff8d4dd0000 - 0x00007ff8d4ea7000 	C:\Windows\System32\OLEAUT32.dll
0x00007ff8d0420000 - 0x00007ff8d0452000 	C:\Windows\SYSTEM32\dbgcore.DLL
0x00007ff8d3520000 - 0x00007ff8d359b000 	C:\Windows\System32\bcryptPrimitives.dll
0x00007ff8bc700000 - 0x00007ff8bc725000 	C:\Program Files\Eclipse Adoptium\jdk-17.0.12.7-hotspot\bin\java.dll
0x00007ff88f750000 - 0x00007ff88f827000 	C:\Program Files\Eclipse Adoptium\jdk-17.0.12.7-hotspot\bin\jsvml.dll
0x00007ff8d4ef0000 - 0x00007ff8d5757000 	C:\Windows\System32\SHELL32.dll
0x00007ff8d0f90000 - 0x00007ff8d188f000 	C:\Windows\SYSTEM32\windows.storage.dll
0x00007ff8d0e40000 - 0x00007ff8d0f7f000 	C:\Windows\SYSTEM32\wintypes.dll
0x00007ff8d3dc0000 - 0x00007ff8d3eb9000 	C:\Windows\System32\SHCORE.dll
0x00007ff8d4a10000 - 0x00007ff8d4a6e000 	C:\Windows\System32\shlwapi.dll
0x00007ff8d2f80000 - 0x00007ff8d2fa7000 	C:\Windows\SYSTEM32\profapi.dll
0x00007ff8bdc50000 - 0x00007ff8bdc69000 	C:\Program Files\Eclipse Adoptium\jdk-17.0.12.7-hotspot\bin\net.dll
0x00007ff8cb800000 - 0x00007ff8cb936000 	C:\Windows\SYSTEM32\WINHTTP.dll
0x00007ff8d2510000 - 0x00007ff8d2579000 	C:\Windows\system32\mswsock.dll
0x00007ff8bd060000 - 0x00007ff8bd076000 	C:\Program Files\Eclipse Adoptium\jdk-17.0.12.7-hotspot\bin\nio.dll
0x00007ff8bc5f0000 - 0x00007ff8bc608000 	C:\Program Files\Eclipse Adoptium\jdk-17.0.12.7-hotspot\bin\zip.dll
0x00007ff88a1a0000 - 0x00007ff88a330000 	C:\Program Files\Eclipse Adoptium\jdk-17.0.12.7-hotspot\bin\awt.dll
0x00007ff8cfa40000 - 0x00007ff8cfad7000 	C:\Windows\SYSTEM32\apphelp.dll
0x00007ff8cfcf0000 - 0x00007ff8cfda1000 	C:\Windows\system32\uxtheme.dll
0x00007ff8d4340000 - 0x00007ff8d449e000 	C:\Windows\System32\MSCTF.dll
0x00007ff8d4a70000 - 0x00007ff8d4c15000 	C:\Windows\System32\ole32.dll
0x00007ff8d0030000 - 0x00007ff8d005b000 	C:\Windows\system32\DWMAPI.DLL
0x00007ff833b30000 - 0x00007ff833c30000 	C:\Windows\system32\opengl32.dll
0x00007ff8338d0000 - 0x00007ff8338fd000 	C:\Windows\SYSTEM32\GLU32.dll
0x00007ff8cfde0000 - 0x00007ff8cfe17000 	C:\Windows\SYSTEM32\dxcore.dll
0x00007ff8710f0000 - 0x00007ff871298000 	C:\Windows\system32\d3d9.dll
0x00007ff8c8920000 - 0x00007ff8c8adb000 	C:\Windows\System32\DriverStore\FileRepository\u0402578.inf_amd64_2d7714f2dfcf501b\B399655\aticfx64.dll
0x00007ff8a1930000 - 0x00007ff8a1964000 	C:\Windows\System32\DriverStore\FileRepository\u0402578.inf_amd64_2d7714f2dfcf501b\B399655\atiu9p64.dll
0x00007ff85cc10000 - 0x00007ff85d957000 	C:\Windows\System32\DriverStore\FileRepository\u0402578.inf_amd64_2d7714f2dfcf501b\B399655\atiumd64.dll
0x0000000074b90000 - 0x0000000075aa3000 	C:\Windows\System32\DriverStore\FileRepository\u0402578.inf_amd64_2d7714f2dfcf501b\B399655\atiumd6a.dll
0x00007ff8d3ec0000 - 0x00007ff8d4334000 	C:\Windows\System32\SETUPAPI.dll
0x00007ff8c8f70000 - 0x00007ff8c8fa5000 	C:\Windows\SYSTEM32\amdihk64.dll
0x00007ff8cd820000 - 0x00007ff8cd869000 	C:\Windows\SYSTEM32\directxdatabasehelper.dll
0x00007ff88fa40000 - 0x00007ff88fac7000 	C:\Program Files\Eclipse Adoptium\jdk-17.0.12.7-hotspot\bin\freetype.dll
0x00007ff886730000 - 0x00007ff886812000 	C:\Program Files\Eclipse Adoptium\jdk-17.0.12.7-hotspot\bin\fontmanager.dll

dbghelp: loaded successfully - version: 4.0.5 - missing functions: none
symbol engine: initialized successfully - sym options: 0x614 - pdb path: .;C:\Program Files\Eclipse Adoptium\jdk-17.0.12.7-hotspot\bin;C:\Windows\SYSTEM32;C:\Windows\WinSxS\amd64_microsoft.windows.common-controls_6595b64144ccf1df_6.0.22621.3672_none_2713b9d173822955;C:\Program Files\Eclipse Adoptium\jdk-17.0.12.7-hotspot\bin\server;C:\Windows\System32\DriverStore\FileRepository\u0402578.inf_amd64_2d7714f2dfcf501b\B399655

VM Arguments:
jvm_args: -XX:+ShowCodeDetailsInExceptionMessages 
java_command: App
java_class_path (initial): C:\Users\jessi\OneDrive\Documents\GitHub\processing-project-Jessica0000000\bin;c:\Users\jessi\OneDrive\Documents\GitHub\processing-project-Jessica0000000\lib\core.jar
Launcher Type: SUN_STANDARD

[Global flags]
     intx CICompilerCount                          = 4                                         {product} {ergonomic}
     uint ConcGCThreads                            = 3                                         {product} {ergonomic}
     uint G1ConcRefinementThreads                  = 10                                        {product} {ergonomic}
   size_t G1HeapRegionSize                         = 1048576                                   {product} {ergonomic}
    uintx GCDrainStackTargetSize                   = 64                                        {product} {ergonomic}
   size_t InitialHeapSize                          = 123731968                                 {product} {ergonomic}
   size_t MarkStackSize                            = 4194304                                   {product} {ergonomic}
   size_t MaxHeapSize                              = 1975517184                                {product} {ergonomic}
   size_t MaxNewSize                               = 1184890880                                {product} {ergonomic}
   size_t MinHeapDeltaBytes                        = 1048576                                   {product} {ergonomic}
   size_t MinHeapSize                              = 8388608                                   {product} {ergonomic}
    uintx NonNMethodCodeHeapSize                   = 5839372                                {pd product} {ergonomic}
    uintx NonProfiledCodeHeapSize                  = 122909434                              {pd product} {ergonomic}
    uintx ProfiledCodeHeapSize                     = 122909434                              {pd product} {ergonomic}
    uintx ReservedCodeCacheSize                    = 251658240                              {pd product} {ergonomic}
     bool SegmentedCodeCache                       = true                                      {product} {ergonomic}
     bool ShowCodeDetailsInExceptionMessages       = true                                   {manageable} {command line}
   size_t SoftMaxHeapSize                          = 1975517184                             {manageable} {ergonomic}
     bool UseCompressedClassPointers               = true                           {product lp64_product} {ergonomic}
     bool UseCompressedOops                        = true                           {product lp64_product} {ergonomic}
     bool UseG1GC                                  = true                                      {product} {ergonomic}
     bool UseLargePagesIndividualAllocation        = false                                  {pd product} {ergonomic}

Logging:
Log output configuration:
 #0: stdout all=warning uptime,level,tags
 #1: stderr all=off uptime,level,tags

Environment Variables:
JAVA_HOME=C:\Program Files\Eclipse Adoptium\jdk-17.0.12.7-hotspot\
PATH=C:\Program Files\Eclipse Adoptium\jdk-17.0.12.7-hotspot\bin;C:\Windows\system32;C:\Windows;C:\Windows\System32\Wbem;C:\Windows\System32\WindowsPowerShell\v1.0\;C:\Windows\System32\OpenSSH\;C:\Program Files\dotnet\;C:\Program Files\Git\cmd;C:\Users\jessi\AppData\Local\Microsoft\WindowsApps;C:\Users\jessi\AppData\Roaming\Amazon;C:\Users\jessi\AppData\Local\Programs\Microsoft VS Code\bin;C:\Users\jessi\AppData\Local\GitHubDesktop\bin
USERNAME=jessi
LANG=en_US.UTF-8
OS=Windows_NT
PROCESSOR_IDENTIFIER=AMD64 Family 25 Model 80 Stepping 0, AuthenticAMD
TMP=C:\Users\jessi\AppData\Local\Temp
TEMP=C:\Users\jessi\AppData\Local\Temp



Periodic native trim disabled


---------------  S Y S T E M  ---------------

OS:
 Windows 11 , 64 bit Build 22621 (10.0.22621.3958)
OS uptime: 5 days 16:41 hours
Hyper-V role detected

CPU: total 12 (initial active 12) (12 cores per cpu, 2 threads per core) family 25 model 80 stepping 0 microcode 0x0, cx8, cmov, fxsr, ht, mmx, 3dnowpref, sse, sse2, sse3, ssse3, sse4a, sse4.1, sse4.2, popcnt, lzcnt, tsc, tscinvbit, avx, avx2, aes, erms, clmul, bmi1, bmi2, adx, sha, fma, vzeroupper, clflush, clflushopt, hv
Processor Information for all 12 processors :
  Max Mhz: 2301, Current Mhz: 2301, Mhz Limit: 2301

Memory: 4k page, system-wide physical 7528M (382M free)
TotalPageFile size 31080M (AvailPageFile size 0M)
current process WorkingSet (physical memory assigned to process): 68M, peak: 68M
current process commit charge ("private bytes"): 230M, peak: 230M

vm_info: OpenJDK 64-Bit Server VM (17.0.12+7) for windows-amd64 JRE (17.0.12+7), built on Jul 16 2024 22:08:24 by "admin" with MS VC++ 16.10 / 16.11 (VS2019)

END.
