#
# There is insufficient memory for the Java Runtime Environment to continue.
# Native memory allocation (mmap) failed to map 65536 bytes. Error detail: Failed to commit metaspace.
# Possible reasons:
#   The system is out of physical RAM or swap space
#   This process is running with CompressedOops enabled, and the Java Heap may be blocking the growth of the native heap
# Possible solutions:
#   Reduce memory load on the system
#   Increase physical memory or swap space
#   Check if swap backing store is full
#   Decrease Java heap size (-Xmx/-Xms)
#   Decrease number of Java threads
#   Decrease Java thread stack sizes (-Xss)
#   Set larger code cache with -XX:ReservedCodeCacheSize=
#   JVM is running with Unscaled Compressed Oops mode in which the Java heap is
#     placed in the first 4GB address space. The Java Heap base address is the
#     maximum limit for the native heap growth. Please use -XX:HeapBaseMinAddress
#     to set the Java Heap base and to place the Java Heap above 4GB virtual address.
# This output file may be truncated or incomplete.
#
#  Out of Memory Error (virtualSpaceNode.cpp:110), pid=2484, tid=31344
#
# JRE version: OpenJDK Runtime Environment Temurin-17.0.12+7 (17.0.12+7) (build 17.0.12+7)
# Java VM: OpenJDK 64-Bit Server VM Temurin-17.0.12+7 (17.0.12+7, mixed mode, sharing, tiered, compressed oops, compressed class ptrs, g1 gc, windows-amd64)
# No core dump will be written. Minidumps are not enabled by default on client versions of Windows
#

---------------  S U M M A R Y ------------

Command Line: -XX:+ShowCodeDetailsInExceptionMessages App

Host: AMD Ryzen 5 5625U with Radeon Graphics         , 12 cores, 7G,  Windows 11 , 64 bit Build 22621 (10.0.22621.3958)
Time: Tue Oct  8 09:00:21 2024 Eastern Daylight Time elapsed time: 3.335729 seconds (0d 0h 0m 3s)

---------------  T H R E A D  ---------------

Current thread (0x0000016727883f90):  JavaThread "main" [_thread_in_vm, id=31344, stack(0x000000529a200000,0x000000529a300000)]

Stack: [0x000000529a200000,0x000000529a300000]
Native frames: (J=compiled Java code, j=interpreted, Vv=VM code, C=native code)
V  [jvm.dll+0x67f929]
V  [jvm.dll+0x8371ba]
V  [jvm.dll+0x838c7e]
V  [jvm.dll+0x8392e3]
V  [jvm.dll+0x24834f]
V  [jvm.dll+0x832e6d]
V  [jvm.dll+0x623e9e]
V  [jvm.dll+0x623f0a]
V  [jvm.dll+0x626724]
V  [jvm.dll+0x624846]
V  [jvm.dll+0x23c6df]
V  [jvm.dll+0x62e735]
V  [jvm.dll+0x1ebe7b]
V  [jvm.dll+0x1ec3b5]
V  [jvm.dll+0x1ece72]
V  [jvm.dll+0x1e2261]
V  [jvm.dll+0x54468e]
V  [jvm.dll+0x1f2ce7]
V  [jvm.dll+0x7b056b]
V  [jvm.dll+0x7b1939]
V  [jvm.dll+0x7b1c88]
V  [jvm.dll+0x2404de]
V  [jvm.dll+0x24073f]
V  [jvm.dll+0x5626f3]
V  [jvm.dll+0x564bb4]
V  [jvm.dll+0x38700b]
V  [jvm.dll+0x386ac2]
C  0x0000016736908a7f

The last pc belongs to getstatic (printed below).
Java frames: (J=compiled Java code, j=interpreted, Vv=VM code)
j  sun.awt.windows.ThemeReader.<clinit>()V+10 java.desktop@17.0.12
v  ~StubRoutines::call_stub
j  sun.awt.windows.WDesktopProperties.getProperties()Ljava/util/Map;+0 java.desktop@17.0.12
j  sun.awt.windows.WToolkit.lazilyInitWProps()V+24 java.desktop@17.0.12
j  sun.awt.windows.WToolkit.lazilyLoadDesktopProperty(Ljava/lang/String;)Ljava/lang/Object;+101 java.desktop@17.0.12
j  java.awt.Toolkit.getDesktopProperty(Ljava/lang/String;)Ljava/lang/Object;+70 java.desktop@17.0.12
j  javax.swing.UIManager.<clinit>()V+112 java.desktop@17.0.12
v  ~StubRoutines::call_stub
j  javax.swing.JPanel.updateUI()V+2 java.desktop@17.0.12
j  javax.swing.JPanel.<init>(Ljava/awt/LayoutManager;Z)V+24 java.desktop@17.0.12
j  javax.swing.JPanel.<init>(Z)V+9 java.desktop@17.0.12
j  javax.swing.JPanel.<init>()V+2 java.desktop@17.0.12
j  javax.swing.JRootPane.createGlassPane()Ljava/awt/Component;+4 java.desktop@17.0.12
j  javax.swing.JRootPane.<init>()V+11 java.desktop@17.0.12
j  javax.swing.JFrame.createRootPane()Ljavax/swing/JRootPane;+4 java.desktop@17.0.12
j  javax.swing.JFrame.frameInit()V+16 java.desktop@17.0.12
j  javax.swing.JFrame.<init>(Ljava/awt/GraphicsConfiguration;)V+21 java.desktop@17.0.12
j  processing.awt.PSurfaceAWT.initFrame(Lprocessing/core/PApplet;)V+328
j  processing.core.PApplet.initSurface()Lprocessing/core/PSurface;+34
j  processing.core.PApplet.runSketch([Ljava/lang/String;Lprocessing/core/PApplet;)V+1105
j  processing.core.PApplet.main(Ljava/lang/String;[Ljava/lang/String;)V+21
j  processing.core.PApplet.main(Ljava/lang/String;)V+2
j  App.main([Ljava/lang/String;)V+2
v  ~StubRoutines::call_stub
getstatic  178 getstatic  [0x00000167369089e0, 0x0000016736908be0]  512 bytes
[MachCode]
  0x00000167369089e0: 4883 ec08 | c5fa 1104 | 24eb 1f48 | 83ec 10c5 | fb11 0424 | eb14 4883 | ec10 4889 | 0424 48c7 
  0x0000016736908a00: 4424 0800 | 0000 00eb | 0150 410f | b755 0148 | 8b4d d0c1 | e202 8b5c | d120 c1eb | 1081 e3ff 
  0x0000016736908a20: 0000 0081 | fbb2 0000 | 000f 84b6 | 0000 00bb | b200 0000 | e805 0000 | 00e9 9b00 | 0000 488b 
  0x0000016736908a40: d348 8d44 | 2408 4c89 | 6dc0 498b | cfc5 f877 | 4989 afa8 | 0200 0049 | 8987 9802 | 0000 4883 
  0x0000016736908a60: ec20 f7c4 | 0f00 0000 | 0f84 1a00 | 0000 4883 | ec08 49ba | 606a 2a7b | f87f 0000 | 41ff d248 
  0x0000016736908a80: 83c4 08e9 | 0d00 0000 | 49ba 606a | 2a7b f87f | 0000 41ff | d248 83c4 | 2049 c787 | 9802 0000 
  0x0000016736908aa0: 0000 0000 | 49c7 87a8 | 0200 0000 | 0000 0049 | c787 a002 | 0000 0000 | 0000 c5f8 | 7749 817f 
  0x0000016736908ac0: 0800 0000 | 000f 8405 | 0000 00e9 | 3084 feff | 4c8b 6dc0 | 4c8b 75c8 | c341 0fb7 | 5501 488b 
  0x0000016736908ae0: 4dd0 c1e2 | 0248 8b5c | d130 8b44 | d138 4c8b | 4cd1 284d | 8b49 704d | 8b09 c1e8 | 1c83 e00f 
  0x0000016736908b00: 0f85 0b00 | 0000 410f | be04 1950 | e9b1 0000 | 0083 f801 | 0f85 0b00 | 0000 410f | b604 1950 
  0x0000016736908b20: e99d 0000 | 0083 f808 | 0f85 0a00 | 0000 418b | 0419 50e9 | 8a00 0000 | 83f8 040f | 850a 0000 
  0x0000016736908b40: 0041 8b04 | 1950 e977 | 0000 0083 | f802 0f85 | 0b00 0000 | 410f b704 | 1950 e963 | 0000 0083 
  0x0000016736908b60: f803 0f85 | 0b00 0000 | 410f bf04 | 1950 e94f | 0000 0083 | f805 0f85 | 1a00 0000 | 498b 0419 
  0x0000016736908b80: 4883 ec10 | 4889 0424 | 48c7 4424 | 0800 0000 | 00e9 2c00 | 0000 83f8 | 060f 8514 | 0000 00c4 
  0x0000016736908ba0: c17a 1004 | 1948 83ec | 08c5 fa11 | 0424 e90f | 0000 00c4 | c17b 1004 | 1948 83ec | 10c5 fb11 
  0x0000016736908bc0: 0424 410f | b65d 0349 | 83c5 0349 | ba90 2aad | 7bf8 7f00 | 0041 ff24 | da0f 1f80 | 0000 0000 
[/MachCode]

---------------  P R O C E S S  ---------------

Threads class SMR info:
_java_thread_list=0x000001678b1631a0, length=15, elements={
0x0000016727883f90, 0x0000016745b39070, 0x0000016745b39cf0, 0x0000016745b4eb30,
0x0000016745b4f400, 0x0000016745b4fdc0, 0x0000016745b50780, 0x0000016745b52530,
0x0000016745bb8ec0, 0x000001678b011540, 0x000001678b0cd270, 0x000001678b0d4360,
0x000001678b155420, 0x000001678b2ebee0, 0x000001678b2ef600
}

Java Threads: ( => current thread )
=>0x0000016727883f90 JavaThread "main" [_thread_in_vm, id=31344, stack(0x000000529a200000,0x000000529a300000)]
  0x0000016745b39070 JavaThread "Reference Handler" daemon [_thread_blocked, id=29268, stack(0x000000529a900000,0x000000529aa00000)]
  0x0000016745b39cf0 JavaThread "Finalizer" daemon [_thread_blocked, id=30228, stack(0x000000529aa00000,0x000000529ab00000)]
  0x0000016745b4eb30 JavaThread "Signal Dispatcher" daemon [_thread_blocked, id=38080, stack(0x000000529ab00000,0x000000529ac00000)]
  0x0000016745b4f400 JavaThread "Attach Listener" daemon [_thread_blocked, id=23664, stack(0x000000529ac00000,0x000000529ad00000)]
  0x0000016745b4fdc0 JavaThread "Service Thread" daemon [_thread_blocked, id=14496, stack(0x000000529ad00000,0x000000529ae00000)]
  0x0000016745b50780 JavaThread "Monitor Deflation Thread" daemon [_thread_blocked, id=10996, stack(0x000000529ae00000,0x000000529af00000)]
  0x0000016745b52530 JavaThread "C2 CompilerThread0" daemon [_thread_blocked, id=11848, stack(0x000000529af00000,0x000000529b000000)]
  0x0000016745bb8ec0 JavaThread "C1 CompilerThread0" daemon [_thread_blocked, id=35832, stack(0x000000529b000000,0x000000529b100000)]
  0x000001678b011540 JavaThread "Sweeper thread" daemon [_thread_blocked, id=27824, stack(0x000000529b100000,0x000000529b200000)]
  0x000001678b0cd270 JavaThread "Notification Thread" daemon [_thread_blocked, id=41420, stack(0x000000529b200000,0x000000529b300000)]
  0x000001678b0d4360 JavaThread "Common-Cleaner" daemon [_thread_blocked, id=34060, stack(0x000000529b400000,0x000000529b500000)]
  0x000001678b155420 JavaThread "Java2D Disposer" daemon [_thread_blocked, id=3348, stack(0x000000529b500000,0x000000529b600000)]
  0x000001678b2ebee0 JavaThread "AWT-Shutdown" [_thread_blocked, id=27500, stack(0x000000529b600000,0x000000529b700000)]
  0x000001678b2ef600 JavaThread "AWT-Windows" daemon [_thread_in_native, id=12168, stack(0x000000529b700000,0x000000529b800000)]

Other Threads:
  0x0000016745b30da0 VMThread "VM Thread" [stack: 0x000000529a800000,0x000000529a900000] [id=33612]
  0x000001678b0cf760 WatcherThread [stack: 0x000000529b300000,0x000000529b400000] [id=27996]
  0x00000167278dc060 GCTaskThread "GC Thread#0" [stack: 0x000000529a300000,0x000000529a400000] [id=33980]
  0x00000167278ebb30 ConcurrentGCThread "G1 Main Marker" [stack: 0x000000529a400000,0x000000529a500000] [id=28984]
  0x00000167278ec550 ConcurrentGCThread "G1 Conc#0" [stack: 0x000000529a500000,0x000000529a600000] [id=42672]
  0x00000167279382c0 ConcurrentGCThread "G1 Refine#0" [stack: 0x000000529a600000,0x000000529a700000] [id=22012]
  0x0000016727938cf0 ConcurrentGCThread "G1 Service" [stack: 0x000000529a700000,0x000000529a800000] [id=18720]

Threads with active compile tasks:

VM state: not at safepoint (normal execution)

VM Mutex/Monitor currently owned by a thread:  ([mutex/lock_event])
[0x000001672787c0b0] Metaspace_lock - owner thread: 0x0000016727883f90

Heap address: 0x000000008a400000, size: 1884 MB, Compressed Oops mode: 32-bit

CDS archive(s) mapped at: [0x0000016746000000-0x0000016746bb0000-0x0000016746bb0000), size 12255232, SharedBaseAddress: 0x0000016746000000, ArchiveRelocationMode: 1.
Compressed class space mapped at: 0x0000016747000000-0x0000016787000000, reserved size: 1073741824
Narrow klass base: 0x0000016746000000, Narrow klass shift: 0, Narrow klass range: 0x100000000

GC Precious Log:
 CPUs: 12 total, 12 available
 Memory: 7528M
 Large Page Support: Disabled
 NUMA Support: Disabled
 Compressed Oops: Enabled (32-bit)
 Heap Region Size: 1M
 Heap Min Capacity: 8M
 Heap Initial Capacity: 118M
 Heap Max Capacity: 1884M
 Pre-touch: Disabled
 Parallel Workers: 10
 Concurrent Workers: 3
 Concurrent Refinement Workers: 10
 Periodic GC: Disabled

Heap:
 garbage-first heap   total 120832K, used 4096K [0x000000008a400000, 0x0000000100000000)
  region size 1024K, 5 young (5120K), 0 survivors (0K)
 Metaspace       used 3933K, committed 4096K, reserved 1114112K
  class space    used 356K, committed 448K, reserved 1048576K

Heap Regions: E=young(eden), S=young(survivor), O=old, HS=humongous(starts), HC=humongous(continues), CS=collection set, F=free, OA=open archive, CA=closed archive, TAMS=top-at-mark-start (previous, next)
|   0|0x000000008a400000, 0x000000008a400000, 0x000000008a500000|  0%| F|  |TAMS 0x000000008a400000, 0x000000008a400000| Untracked 
|   1|0x000000008a500000, 0x000000008a500000, 0x000000008a600000|  0%| F|  |TAMS 0x000000008a500000, 0x000000008a500000| Untracked 
|   2|0x000000008a600000, 0x000000008a600000, 0x000000008a700000|  0%| F|  |TAMS 0x000000008a600000, 0x000000008a600000| Untracked 
|   3|0x000000008a700000, 0x000000008a700000, 0x000000008a800000|  0%| F|  |TAMS 0x000000008a700000, 0x000000008a700000| Untracked 
|   4|0x000000008a800000, 0x000000008a800000, 0x000000008a900000|  0%| F|  |TAMS 0x000000008a800000, 0x000000008a800000| Untracked 
|   5|0x000000008a900000, 0x000000008a900000, 0x000000008aa00000|  0%| F|  |TAMS 0x000000008a900000, 0x000000008a900000| Untracked 
|   6|0x000000008aa00000, 0x000000008aa00000, 0x000000008ab00000|  0%| F|  |TAMS 0x000000008aa00000, 0x000000008aa00000| Untracked 
|   7|0x000000008ab00000, 0x000000008ab00000, 0x000000008ac00000|  0%| F|  |TAMS 0x000000008ab00000, 0x000000008ab00000| Untracked 
|   8|0x000000008ac00000, 0x000000008ac00000, 0x000000008ad00000|  0%| F|  |TAMS 0x000000008ac00000, 0x000000008ac00000| Untracked 
|   9|0x000000008ad00000, 0x000000008ad00000, 0x000000008ae00000|  0%| F|  |TAMS 0x000000008ad00000, 0x000000008ad00000| Untracked 
|  10|0x000000008ae00000, 0x000000008ae00000, 0x000000008af00000|  0%| F|  |TAMS 0x000000008ae00000, 0x000000008ae00000| Untracked 
|  11|0x000000008af00000, 0x000000008af00000, 0x000000008b000000|  0%| F|  |TAMS 0x000000008af00000, 0x000000008af00000| Untracked 
|  12|0x000000008b000000, 0x000000008b000000, 0x000000008b100000|  0%| F|  |TAMS 0x000000008b000000, 0x000000008b000000| Untracked 
|  13|0x000000008b100000, 0x000000008b100000, 0x000000008b200000|  0%| F|  |TAMS 0x000000008b100000, 0x000000008b100000| Untracked 
|  14|0x000000008b200000, 0x000000008b200000, 0x000000008b300000|  0%| F|  |TAMS 0x000000008b200000, 0x000000008b200000| Untracked 
|  15|0x000000008b300000, 0x000000008b300000, 0x000000008b400000|  0%| F|  |TAMS 0x000000008b300000, 0x000000008b300000| Untracked 
|  16|0x000000008b400000, 0x000000008b400000, 0x000000008b500000|  0%| F|  |TAMS 0x000000008b400000, 0x000000008b400000| Untracked 
|  17|0x000000008b500000, 0x000000008b500000, 0x000000008b600000|  0%| F|  |TAMS 0x000000008b500000, 0x000000008b500000| Untracked 
|  18|0x000000008b600000, 0x000000008b600000, 0x000000008b700000|  0%| F|  |TAMS 0x000000008b600000, 0x000000008b600000| Untracked 
|  19|0x000000008b700000, 0x000000008b700000, 0x000000008b800000|  0%| F|  |TAMS 0x000000008b700000, 0x000000008b700000| Untracked 
|  20|0x000000008b800000, 0x000000008b800000, 0x000000008b900000|  0%| F|  |TAMS 0x000000008b800000, 0x000000008b800000| Untracked 
|  21|0x000000008b900000, 0x000000008b900000, 0x000000008ba00000|  0%| F|  |TAMS 0x000000008b900000, 0x000000008b900000| Untracked 
|  22|0x000000008ba00000, 0x000000008ba00000, 0x000000008bb00000|  0%| F|  |TAMS 0x000000008ba00000, 0x000000008ba00000| Untracked 
|  23|0x000000008bb00000, 0x000000008bb00000, 0x000000008bc00000|  0%| F|  |TAMS 0x000000008bb00000, 0x000000008bb00000| Untracked 
|  24|0x000000008bc00000, 0x000000008bc00000, 0x000000008bd00000|  0%| F|  |TAMS 0x000000008bc00000, 0x000000008bc00000| Untracked 
|  25|0x000000008bd00000, 0x000000008bd00000, 0x000000008be00000|  0%| F|  |TAMS 0x000000008bd00000, 0x000000008bd00000| Untracked 
|  26|0x000000008be00000, 0x000000008be00000, 0x000000008bf00000|  0%| F|  |TAMS 0x000000008be00000, 0x000000008be00000| Untracked 
|  27|0x000000008bf00000, 0x000000008bf00000, 0x000000008c000000|  0%| F|  |TAMS 0x000000008bf00000, 0x000000008bf00000| Untracked 
|  28|0x000000008c000000, 0x000000008c000000, 0x000000008c100000|  0%| F|  |TAMS 0x000000008c000000, 0x000000008c000000| Untracked 
|  29|0x000000008c100000, 0x000000008c100000, 0x000000008c200000|  0%| F|  |TAMS 0x000000008c100000, 0x000000008c100000| Untracked 
|  30|0x000000008c200000, 0x000000008c200000, 0x000000008c300000|  0%| F|  |TAMS 0x000000008c200000, 0x000000008c200000| Untracked 
|  31|0x000000008c300000, 0x000000008c300000, 0x000000008c400000|  0%| F|  |TAMS 0x000000008c300000, 0x000000008c300000| Untracked 
|  32|0x000000008c400000, 0x000000008c400000, 0x000000008c500000|  0%| F|  |TAMS 0x000000008c400000, 0x000000008c400000| Untracked 
|  33|0x000000008c500000, 0x000000008c500000, 0x000000008c600000|  0%| F|  |TAMS 0x000000008c500000, 0x000000008c500000| Untracked 
|  34|0x000000008c600000, 0x000000008c600000, 0x000000008c700000|  0%| F|  |TAMS 0x000000008c600000, 0x000000008c600000| Untracked 
|  35|0x000000008c700000, 0x000000008c700000, 0x000000008c800000|  0%| F|  |TAMS 0x000000008c700000, 0x000000008c700000| Untracked 
|  36|0x000000008c800000, 0x000000008c800000, 0x000000008c900000|  0%| F|  |TAMS 0x000000008c800000, 0x000000008c800000| Untracked 
|  37|0x000000008c900000, 0x000000008c900000, 0x000000008ca00000|  0%| F|  |TAMS 0x000000008c900000, 0x000000008c900000| Untracked 
|  38|0x000000008ca00000, 0x000000008ca00000, 0x000000008cb00000|  0%| F|  |TAMS 0x000000008ca00000, 0x000000008ca00000| Untracked 
|  39|0x000000008cb00000, 0x000000008cb00000, 0x000000008cc00000|  0%| F|  |TAMS 0x000000008cb00000, 0x000000008cb00000| Untracked 
|  40|0x000000008cc00000, 0x000000008cc00000, 0x000000008cd00000|  0%| F|  |TAMS 0x000000008cc00000, 0x000000008cc00000| Untracked 
|  41|0x000000008cd00000, 0x000000008cd00000, 0x000000008ce00000|  0%| F|  |TAMS 0x000000008cd00000, 0x000000008cd00000| Untracked 
|  42|0x000000008ce00000, 0x000000008ce00000, 0x000000008cf00000|  0%| F|  |TAMS 0x000000008ce00000, 0x000000008ce00000| Untracked 
|  43|0x000000008cf00000, 0x000000008cf00000, 0x000000008d000000|  0%| F|  |TAMS 0x000000008cf00000, 0x000000008cf00000| Untracked 
|  44|0x000000008d000000, 0x000000008d000000, 0x000000008d100000|  0%| F|  |TAMS 0x000000008d000000, 0x000000008d000000| Untracked 
|  45|0x000000008d100000, 0x000000008d100000, 0x000000008d200000|  0%| F|  |TAMS 0x000000008d100000, 0x000000008d100000| Untracked 
|  46|0x000000008d200000, 0x000000008d200000, 0x000000008d300000|  0%| F|  |TAMS 0x000000008d200000, 0x000000008d200000| Untracked 
|  47|0x000000008d300000, 0x000000008d300000, 0x000000008d400000|  0%| F|  |TAMS 0x000000008d300000, 0x000000008d300000| Untracked 
|  48|0x000000008d400000, 0x000000008d400000, 0x000000008d500000|  0%| F|  |TAMS 0x000000008d400000, 0x000000008d400000| Untracked 
|  49|0x000000008d500000, 0x000000008d500000, 0x000000008d600000|  0%| F|  |TAMS 0x000000008d500000, 0x000000008d500000| Untracked 
|  50|0x000000008d600000, 0x000000008d600000, 0x000000008d700000|  0%| F|  |TAMS 0x000000008d600000, 0x000000008d600000| Untracked 
|  51|0x000000008d700000, 0x000000008d700000, 0x000000008d800000|  0%| F|  |TAMS 0x000000008d700000, 0x000000008d700000| Untracked 
|  52|0x000000008d800000, 0x000000008d800000, 0x000000008d900000|  0%| F|  |TAMS 0x000000008d800000, 0x000000008d800000| Untracked 
|  53|0x000000008d900000, 0x000000008d900000, 0x000000008da00000|  0%| F|  |TAMS 0x000000008d900000, 0x000000008d900000| Untracked 
|  54|0x000000008da00000, 0x000000008da00000, 0x000000008db00000|  0%| F|  |TAMS 0x000000008da00000, 0x000000008da00000| Untracked 
|  55|0x000000008db00000, 0x000000008db00000, 0x000000008dc00000|  0%| F|  |TAMS 0x000000008db00000, 0x000000008db00000| Untracked 
|  56|0x000000008dc00000, 0x000000008dc00000, 0x000000008dd00000|  0%| F|  |TAMS 0x000000008dc00000, 0x000000008dc00000| Untracked 
|  57|0x000000008dd00000, 0x000000008dd00000, 0x000000008de00000|  0%| F|  |TAMS 0x000000008dd00000, 0x000000008dd00000| Untracked 
|  58|0x000000008de00000, 0x000000008de00000, 0x000000008df00000|  0%| F|  |TAMS 0x000000008de00000, 0x000000008de00000| Untracked 
|  59|0x000000008df00000, 0x000000008df00000, 0x000000008e000000|  0%| F|  |TAMS 0x000000008df00000, 0x000000008df00000| Untracked 
|  60|0x000000008e000000, 0x000000008e000000, 0x000000008e100000|  0%| F|  |TAMS 0x000000008e000000, 0x000000008e000000| Untracked 
|  61|0x000000008e100000, 0x000000008e100000, 0x000000008e200000|  0%| F|  |TAMS 0x000000008e100000, 0x000000008e100000| Untracked 
|  62|0x000000008e200000, 0x000000008e200000, 0x000000008e300000|  0%| F|  |TAMS 0x000000008e200000, 0x000000008e200000| Untracked 
|  63|0x000000008e300000, 0x000000008e300000, 0x000000008e400000|  0%| F|  |TAMS 0x000000008e300000, 0x000000008e300000| Untracked 
|  64|0x000000008e400000, 0x000000008e400000, 0x000000008e500000|  0%| F|  |TAMS 0x000000008e400000, 0x000000008e400000| Untracked 
|  65|0x000000008e500000, 0x000000008e500000, 0x000000008e600000|  0%| F|  |TAMS 0x000000008e500000, 0x000000008e500000| Untracked 
|  66|0x000000008e600000, 0x000000008e600000, 0x000000008e700000|  0%| F|  |TAMS 0x000000008e600000, 0x000000008e600000| Untracked 
|  67|0x000000008e700000, 0x000000008e700000, 0x000000008e800000|  0%| F|  |TAMS 0x000000008e700000, 0x000000008e700000| Untracked 
|  68|0x000000008e800000, 0x000000008e800000, 0x000000008e900000|  0%| F|  |TAMS 0x000000008e800000, 0x000000008e800000| Untracked 
|  69|0x000000008e900000, 0x000000008e900000, 0x000000008ea00000|  0%| F|  |TAMS 0x000000008e900000, 0x000000008e900000| Untracked 
|  70|0x000000008ea00000, 0x000000008ea00000, 0x000000008eb00000|  0%| F|  |TAMS 0x000000008ea00000, 0x000000008ea00000| Untracked 
|  71|0x000000008eb00000, 0x000000008eb00000, 0x000000008ec00000|  0%| F|  |TAMS 0x000000008eb00000, 0x000000008eb00000| Untracked 
|  72|0x000000008ec00000, 0x000000008ec00000, 0x000000008ed00000|  0%| F|  |TAMS 0x000000008ec00000, 0x000000008ec00000| Untracked 
|  73|0x000000008ed00000, 0x000000008ed00000, 0x000000008ee00000|  0%| F|  |TAMS 0x000000008ed00000, 0x000000008ed00000| Untracked 
|  74|0x000000008ee00000, 0x000000008ee00000, 0x000000008ef00000|  0%| F|  |TAMS 0x000000008ee00000, 0x000000008ee00000| Untracked 
|  75|0x000000008ef00000, 0x000000008ef00000, 0x000000008f000000|  0%| F|  |TAMS 0x000000008ef00000, 0x000000008ef00000| Untracked 
|  76|0x000000008f000000, 0x000000008f000000, 0x000000008f100000|  0%| F|  |TAMS 0x000000008f000000, 0x000000008f000000| Untracked 
|  77|0x000000008f100000, 0x000000008f100000, 0x000000008f200000|  0%| F|  |TAMS 0x000000008f100000, 0x000000008f100000| Untracked 
|  78|0x000000008f200000, 0x000000008f200000, 0x000000008f300000|  0%| F|  |TAMS 0x000000008f200000, 0x000000008f200000| Untracked 
|  79|0x000000008f300000, 0x000000008f300000, 0x000000008f400000|  0%| F|  |TAMS 0x000000008f300000, 0x000000008f300000| Untracked 
|  80|0x000000008f400000, 0x000000008f400000, 0x000000008f500000|  0%| F|  |TAMS 0x000000008f400000, 0x000000008f400000| Untracked 
|  81|0x000000008f500000, 0x000000008f500000, 0x000000008f600000|  0%| F|  |TAMS 0x000000008f500000, 0x000000008f500000| Untracked 
|  82|0x000000008f600000, 0x000000008f600000, 0x000000008f700000|  0%| F|  |TAMS 0x000000008f600000, 0x000000008f600000| Untracked 
|  83|0x000000008f700000, 0x000000008f700000, 0x000000008f800000|  0%| F|  |TAMS 0x000000008f700000, 0x000000008f700000| Untracked 
|  84|0x000000008f800000, 0x000000008f800000, 0x000000008f900000|  0%| F|  |TAMS 0x000000008f800000, 0x000000008f800000| Untracked 
|  85|0x000000008f900000, 0x000000008f900000, 0x000000008fa00000|  0%| F|  |TAMS 0x000000008f900000, 0x000000008f900000| Untracked 
|  86|0x000000008fa00000, 0x000000008fa00000, 0x000000008fb00000|  0%| F|  |TAMS 0x000000008fa00000, 0x000000008fa00000| Untracked 
|  87|0x000000008fb00000, 0x000000008fb00000, 0x000000008fc00000|  0%| F|  |TAMS 0x000000008fb00000, 0x000000008fb00000| Untracked 
|  88|0x000000008fc00000, 0x000000008fc00000, 0x000000008fd00000|  0%| F|  |TAMS 0x000000008fc00000, 0x000000008fc00000| Untracked 
|  89|0x000000008fd00000, 0x000000008fd00000, 0x000000008fe00000|  0%| F|  |TAMS 0x000000008fd00000, 0x000000008fd00000| Untracked 
|  90|0x000000008fe00000, 0x000000008fe00000, 0x000000008ff00000|  0%| F|  |TAMS 0x000000008fe00000, 0x000000008fe00000| Untracked 
|  91|0x000000008ff00000, 0x000000008ff00000, 0x0000000090000000|  0%| F|  |TAMS 0x000000008ff00000, 0x000000008ff00000| Untracked 
|  92|0x0000000090000000, 0x0000000090000000, 0x0000000090100000|  0%| F|  |TAMS 0x0000000090000000, 0x0000000090000000| Untracked 
|  93|0x0000000090100000, 0x0000000090100000, 0x0000000090200000|  0%| F|  |TAMS 0x0000000090100000, 0x0000000090100000| Untracked 
|  94|0x0000000090200000, 0x0000000090200000, 0x0000000090300000|  0%| F|  |TAMS 0x0000000090200000, 0x0000000090200000| Untracked 
|  95|0x0000000090300000, 0x0000000090300000, 0x0000000090400000|  0%| F|  |TAMS 0x0000000090300000, 0x0000000090300000| Untracked 
|  96|0x0000000090400000, 0x0000000090400000, 0x0000000090500000|  0%| F|  |TAMS 0x0000000090400000, 0x0000000090400000| Untracked 
|  97|0x0000000090500000, 0x0000000090500000, 0x0000000090600000|  0%| F|  |TAMS 0x0000000090500000, 0x0000000090500000| Untracked 
|  98|0x0000000090600000, 0x0000000090600000, 0x0000000090700000|  0%| F|  |TAMS 0x0000000090600000, 0x0000000090600000| Untracked 
|  99|0x0000000090700000, 0x0000000090700000, 0x0000000090800000|  0%| F|  |TAMS 0x0000000090700000, 0x0000000090700000| Untracked 
| 100|0x0000000090800000, 0x0000000090800000, 0x0000000090900000|  0%| F|  |TAMS 0x0000000090800000, 0x0000000090800000| Untracked 
| 101|0x0000000090900000, 0x0000000090900000, 0x0000000090a00000|  0%| F|  |TAMS 0x0000000090900000, 0x0000000090900000| Untracked 
| 102|0x0000000090a00000, 0x0000000090a00000, 0x0000000090b00000|  0%| F|  |TAMS 0x0000000090a00000, 0x0000000090a00000| Untracked 
| 103|0x0000000090b00000, 0x0000000090b00000, 0x0000000090c00000|  0%| F|  |TAMS 0x0000000090b00000, 0x0000000090b00000| Untracked 
| 104|0x0000000090c00000, 0x0000000090c00000, 0x0000000090d00000|  0%| F|  |TAMS 0x0000000090c00000, 0x0000000090c00000| Untracked 
| 105|0x0000000090d00000, 0x0000000090d00000, 0x0000000090e00000|  0%| F|  |TAMS 0x0000000090d00000, 0x0000000090d00000| Untracked 
| 106|0x0000000090e00000, 0x0000000090e00000, 0x0000000090f00000|  0%| F|  |TAMS 0x0000000090e00000, 0x0000000090e00000| Untracked 
| 107|0x0000000090f00000, 0x0000000090f00000, 0x0000000091000000|  0%| F|  |TAMS 0x0000000090f00000, 0x0000000090f00000| Untracked 
| 108|0x0000000091000000, 0x0000000091000000, 0x0000000091100000|  0%| F|  |TAMS 0x0000000091000000, 0x0000000091000000| Untracked 
| 109|0x0000000091100000, 0x0000000091100000, 0x0000000091200000|  0%| F|  |TAMS 0x0000000091100000, 0x0000000091100000| Untracked 
| 110|0x0000000091200000, 0x0000000091200000, 0x0000000091300000|  0%| F|  |TAMS 0x0000000091200000, 0x0000000091200000| Untracked 
| 111|0x0000000091300000, 0x0000000091300000, 0x0000000091400000|  0%| F|  |TAMS 0x0000000091300000, 0x0000000091300000| Untracked 
| 112|0x0000000091400000, 0x0000000091400000, 0x0000000091500000|  0%| F|  |TAMS 0x0000000091400000, 0x0000000091400000| Untracked 
| 113|0x0000000091500000, 0x0000000091576478, 0x0000000091600000| 46%| E|  |TAMS 0x0000000091500000, 0x0000000091500000| Complete 
| 114|0x0000000091600000, 0x0000000091700000, 0x0000000091700000|100%| E|CS|TAMS 0x0000000091600000, 0x0000000091600000| Complete 
| 115|0x0000000091700000, 0x0000000091800000, 0x0000000091800000|100%| E|CS|TAMS 0x0000000091700000, 0x0000000091700000| Complete 
| 116|0x0000000091800000, 0x0000000091900000, 0x0000000091900000|100%| E|CS|TAMS 0x0000000091800000, 0x0000000091800000| Complete 
| 117|0x0000000091900000, 0x0000000091a00000, 0x0000000091a00000|100%| E|CS|TAMS 0x0000000091900000, 0x0000000091900000| Complete 

Card table byte_map: [0x000001673ecd0000,0x000001673f080000] _byte_map_base: 0x000001673e87e000

Marking Bits (Prev, Next): (CMBitMap*) 0x00000167278dc680, (CMBitMap*) 0x00000167278dc6c0
 Prev Bits: [0x000001673f430000, 0x00000167411a0000)
 Next Bits: [0x00000167411a0000, 0x0000016742f10000)

Polling page: 0x0000016725860000

Metaspace:

Usage:
  Non-class:      3.49 MB used.
      Class:    356.59 KB used.
       Both:      3.84 MB used.

Virtual space:
  Non-class space:       64.00 MB reserved,       3.56 MB (  6%) committed,  1 nodes.
      Class space:        1.00 GB reserved,     448.00 KB ( <1%) committed,  1 nodes.
             Both:        1.06 GB reserved,       4.00 MB ( <1%) committed. 

Chunk freelists:
   Non-Class:  11.24 MB
       Class:  15.54 MB
        Both:  26.78 MB

MaxMetaspaceSize: unlimited
CompressedClassSpaceSize: 1.00 GB
Initial GC threshold: 21.00 MB
Current GC threshold: 21.00 MB
CDS: on
MetaspaceReclaimPolicy: balanced
 - commit_granule_bytes: 65536.
 - commit_granule_words: 8192.
 - virtual_space_node_default_size: 8388608.
 - enlarge_chunks_in_place: 1.
 - new_chunks_are_fully_committed: 0.
 - uncommit_free_chunks: 1.
 - use_allocation_guard: 0.
 - handle_deallocations: 1.


Internal statistics:

num_allocs_failed_limit: 0.
num_arena_births: 72.
num_arena_deaths: 0.
num_vsnodes_births: 2.
num_vsnodes_deaths: 0.
num_space_committed: 64.
num_space_uncommitted: 0.
num_chunks_returned_to_freelist: 0.
num_chunks_taken_from_freelist: 116.
num_chunk_merges: 0.
num_chunk_splits: 78.
num_chunks_enlarged: 46.
num_inconsistent_stats: 0.

CodeHeap 'non-profiled nmethods': size=120000Kb used=107Kb max_used=107Kb free=119892Kb
 bounds [0x0000016736e90000, 0x0000016737100000, 0x000001673e3c0000]
CodeHeap 'profiled nmethods': size=120000Kb used=452Kb max_used=452Kb free=119548Kb
 bounds [0x000001672f3c0000, 0x000001672f630000, 0x00000167368f0000]
CodeHeap 'non-nmethods': size=5760Kb used=1206Kb max_used=1211Kb free=4553Kb
 bounds [0x00000167368f0000, 0x0000016736b60000, 0x0000016736e90000]
 total_blobs=866 nmethods=351 adapters=428
 compilation: enabled
              stopped_count=0, restarted_count=0
 full_count=0

Compilation events (20 events):
Event: 3.294 Thread 0x0000016745bb8ec0  339       3       sun.invoke.util.VerifyType::isNullType (18 bytes)
Event: 3.294 Thread 0x0000016745bb8ec0 nmethod 339 0x000001672f42b090 code [0x000001672f42b240, 0x000001672f42b418]
Event: 3.295 Thread 0x0000016745bb8ec0  341       3       java.lang.invoke.MemberName::isMethod (8 bytes)
Event: 3.295 Thread 0x0000016745bb8ec0 nmethod 341 0x000001672f42b490 code [0x000001672f42b640, 0x000001672f42b878]
Event: 3.295 Thread 0x0000016745bb8ec0  343       3       jdk.internal.org.objectweb.asm.Frame::pop (44 bytes)
Event: 3.295 Thread 0x0000016745bb8ec0 nmethod 343 0x000001672f42b990 code [0x000001672f42bb20, 0x000001672f42bcb8]
Event: 3.295 Thread 0x0000016745bb8ec0  342       3       sun.invoke.util.VerifyType::isNullConversion (157 bytes)
Event: 3.296 Thread 0x0000016745bb8ec0 nmethod 342 0x000001672f42bd90 code [0x000001672f42c0c0, 0x000001672f42d6a8]
Event: 3.296 Thread 0x0000016745bb8ec0  345       3       java.lang.invoke.MemberName::getName (25 bytes)
Event: 3.297 Thread 0x0000016745bb8ec0 nmethod 345 0x000001672f42db90 code [0x000001672f42dd60, 0x000001672f42e0e8]
Event: 3.297 Thread 0x0000016745bb8ec0  344       3       jdk.internal.org.objectweb.asm.ByteVector::<init> (13 bytes)
Event: 3.297 Thread 0x0000016745bb8ec0 nmethod 344 0x000001672f42e210 code [0x000001672f42e3c0, 0x000001672f42e638]
Event: 3.297 Thread 0x0000016745bb8ec0  346       3       jdk.internal.org.objectweb.asm.ByteVector::put11 (52 bytes)
Event: 3.297 Thread 0x0000016745bb8ec0 nmethod 346 0x000001672f42e710 code [0x000001672f42e8c0, 0x000001672f42eac8]
Event: 3.297 Thread 0x0000016745bb8ec0  347       3       java.lang.invoke.InvokerBytecodeGenerator::emitImplicitConversion (161 bytes)
Event: 3.303 Thread 0x0000016745bb8ec0 nmethod 347 0x000001672f42ec10 code [0x000001672f42ef20, 0x000001672f42fdb8]
Event: 3.303 Thread 0x0000016745bb8ec0  351       3       java.lang.invoke.MethodTypeForm::canonicalizeAll (63 bytes)
Event: 3.304 Thread 0x0000016745bb8ec0 nmethod 351 0x000001672f430290 code [0x000001672f430480, 0x000001672f430ad8]
Event: 3.304 Thread 0x0000016745bb8ec0  348       3       java.lang.invoke.MethodType::erase (8 bytes)
Event: 3.304 Thread 0x0000016745bb8ec0 nmethod 348 0x000001672f430c90 code [0x000001672f430e20, 0x000001672f430f58]

GC Heap History (0 events):
No events

Dll operation events (7 events):
Event: 0.024 Loaded shared library C:\Program Files\Eclipse Adoptium\jdk-17.0.12.7-hotspot\bin\java.dll
Event: 0.118 Loaded shared library C:\Program Files\Eclipse Adoptium\jdk-17.0.12.7-hotspot\bin\jsvml.dll
Event: 0.262 Loaded shared library C:\Program Files\Eclipse Adoptium\jdk-17.0.12.7-hotspot\bin\net.dll
Event: 0.270 Loaded shared library C:\Program Files\Eclipse Adoptium\jdk-17.0.12.7-hotspot\bin\nio.dll
Event: 0.279 Loaded shared library C:\Program Files\Eclipse Adoptium\jdk-17.0.12.7-hotspot\bin\zip.dll
Event: 0.678 Loaded shared library C:\Program Files\Eclipse Adoptium\jdk-17.0.12.7-hotspot\bin\jimage.dll
Event: 0.693 Loaded shared library C:\Program Files\Eclipse Adoptium\jdk-17.0.12.7-hotspot\bin\awt.dll

Deoptimization events (0 events):
No events

Classes loaded (20 events):
Event: 3.282 Loading class java/awt/FlowLayout done
Event: 3.283 Loading class javax/swing/UIManager
Event: 3.284 Loading class javax/swing/UIManager done
Event: 3.284 Loading class javax/swing/UIManager$LookAndFeelInfo
Event: 3.284 Loading class javax/swing/UIManager$LookAndFeelInfo done
Event: 3.284 Loading class sun/awt/OSInfo
Event: 3.284 Loading class sun/awt/OSInfo done
Event: 3.284 Loading class sun/awt/OSInfo$WindowsVersion
Event: 3.284 Loading class sun/awt/OSInfo$WindowsVersion done
Event: 3.298 Loading class sun/awt/OSInfo$1
Event: 3.298 Loading class sun/awt/OSInfo$1 done
Event: 3.299 Loading class sun/awt/OSInfo$OSType
Event: 3.301 Loading class sun/awt/OSInfo$OSType done
Event: 3.303 Loading class sun/awt/HeadlessToolkit
Event: 3.304 Loading class sun/awt/HeadlessToolkit done
Event: 3.304 Loading class sun/awt/windows/WDesktopProperties
Event: 3.305 Loading class sun/awt/windows/WDesktopProperties done
Event: 3.305 Loading class sun/awt/windows/ThemeReader
Event: 3.306 Loading class sun/awt/windows/ThemeReader done
Event: 3.306 Loading class com/sun/java/swing/plaf/windows/TMSchema$Part

Classes unloaded (0 events):
No events

Classes redefined (0 events):
No events

Internal exceptions (5 events):
Event: 0.545 Thread 0x0000016727883f90 Exception <a 'java/lang/NoSuchMethodError'{0x00000000918c6208}: 'void java.lang.invoke.DirectMethodHandle$Holder.invokeStatic(java.lang.Object, java.lang.Object, java.lang.Object)'> (0x00000000918c6208) 
thrown [s\src\hotspot\share\interpreter\linkResolver.cpp, line 759]
Event: 0.588 Thread 0x0000016727883f90 Exception <a 'java/lang/ClassNotFoundException'{0x000000009170fa68}: sun/awt/resources/spi/awtProvider> (0x000000009170fa68) 
thrown [s\src\hotspot\share\classfile\systemDictionary.cpp, line 256]
Event: 0.712 Thread 0x0000016727883f90 Exception <a 'java/io/FileNotFoundException'{0x0000000091764f80}> (0x0000000091764f80) 
thrown [s\src\hotspot\share\prims\jni.cpp, line 516]
Event: 0.724 Thread 0x0000016727883f90 Exception <a 'java/io/FileNotFoundException'{0x0000000091792180}> (0x0000000091792180) 
thrown [s\src\hotspot\share\prims\jni.cpp, line 516]
Event: 0.845 Thread 0x0000016727883f90 Exception <a 'java/lang/NoSuchMethodError'{0x00000000917ca8e8}: 'java.lang.Object java.lang.invoke.DirectMethodHandle$Holder.invokeStaticInit(java.lang.Object)'> (0x00000000917ca8e8) 
thrown [s\src\hotspot\share\interpreter\linkResolver.cpp, line 759]

VM Operations (6 events):
Event: 0.282 Executing VM operation: HandshakeAllThreads
Event: 0.458 Executing VM operation: HandshakeAllThreads done
Event: 1.468 Executing VM operation: Cleanup
Event: 1.630 Executing VM operation: Cleanup done
Event: 3.181 Executing VM operation: HandshakeAllThreads
Event: 3.181 Executing VM operation: HandshakeAllThreads done

Events (15 events):
Event: 0.118 Thread 0x0000016727883f90 Thread added: 0x0000016727883f90
Event: 0.130 Thread 0x0000016745b39070 Thread added: 0x0000016745b39070
Event: 0.130 Thread 0x0000016745b39cf0 Thread added: 0x0000016745b39cf0
Event: 0.172 Thread 0x0000016745b4eb30 Thread added: 0x0000016745b4eb30
Event: 0.172 Thread 0x0000016745b4f400 Thread added: 0x0000016745b4f400
Event: 0.172 Thread 0x0000016745b4fdc0 Thread added: 0x0000016745b4fdc0
Event: 0.172 Thread 0x0000016745b50780 Thread added: 0x0000016745b50780
Event: 0.173 Thread 0x0000016745b52530 Thread added: 0x0000016745b52530
Event: 0.178 Thread 0x0000016745bb8ec0 Thread added: 0x0000016745bb8ec0
Event: 0.196 Thread 0x000001678b011540 Thread added: 0x000001678b011540
Event: 0.236 Thread 0x000001678b0cd270 Thread added: 0x000001678b0cd270
Event: 0.250 Thread 0x000001678b0d4360 Thread added: 0x000001678b0d4360
Event: 0.848 Thread 0x000001678b155420 Thread added: 0x000001678b155420
Event: 0.851 Thread 0x000001678b2ebee0 Thread added: 0x000001678b2ebee0
Event: 1.261 Thread 0x000001678b2ef600 Thread added: 0x000001678b2ef600


Dynamic libraries:
0x00007ff74f930000 - 0x00007ff74f93e000 	C:\Program Files\Eclipse Adoptium\jdk-17.0.12.7-hotspot\bin\java.exe
0x00007ff8d5d30000 - 0x00007ff8d5f47000 	C:\Windows\SYSTEM32\ntdll.dll
0x00007ff8d4930000 - 0x00007ff8d49f4000 	C:\Windows\System32\KERNEL32.DLL
0x00007ff8d3170000 - 0x00007ff8d351d000 	C:\Windows\System32\KERNELBASE.dll
0x00007ff8d3050000 - 0x00007ff8d3161000 	C:\Windows\System32\ucrtbase.dll
0x00007ff8c0790000 - 0x00007ff8c07a7000 	C:\Program Files\Eclipse Adoptium\jdk-17.0.12.7-hotspot\bin\jli.dll
0x00007ff8d4600000 - 0x00007ff8d47ae000 	C:\Windows\System32\USER32.dll
0x00007ff8d3910000 - 0x00007ff8d3936000 	C:\Windows\System32\win32u.dll
0x00007ff8d5c10000 - 0x00007ff8d5c39000 	C:\Windows\System32\GDI32.dll
0x00007ff8d3940000 - 0x00007ff8d3a59000 	C:\Windows\System32\gdi32full.dll
0x00007ff8d3870000 - 0x00007ff8d390a000 	C:\Windows\System32\msvcp_win.dll
0x00007ff8bf600000 - 0x00007ff8bf61b000 	C:\Program Files\Eclipse Adoptium\jdk-17.0.12.7-hotspot\bin\VCRUNTIME140.dll
0x00007ff8c09a0000 - 0x00007ff8c0c33000 	C:\Windows\WinSxS\amd64_microsoft.windows.common-controls_6595b64144ccf1df_6.0.22621.3672_none_2713b9d173822955\COMCTL32.dll
0x00007ff8d44c0000 - 0x00007ff8d4567000 	C:\Windows\System32\msvcrt.dll
0x00007ff8d4eb0000 - 0x00007ff8d4ee1000 	C:\Windows\System32\IMM32.DLL
0x00007ff8d0700000 - 0x00007ff8d070c000 	C:\Program Files\Eclipse Adoptium\jdk-17.0.12.7-hotspot\bin\vcruntime140_1.dll
0x00007ff89c640000 - 0x00007ff89c6cd000 	C:\Program Files\Eclipse Adoptium\jdk-17.0.12.7-hotspot\bin\msvcp140.dll
0x00007ff87af20000 - 0x00007ff87bb8a000 	C:\Program Files\Eclipse Adoptium\jdk-17.0.12.7-hotspot\bin\server\jvm.dll
0x00007ff8d3cb0000 - 0x00007ff8d3d62000 	C:\Windows\System32\ADVAPI32.dll
0x00007ff8d4d00000 - 0x00007ff8d4da9000 	C:\Windows\System32\sechost.dll
0x00007ff8d3840000 - 0x00007ff8d3868000 	C:\Windows\System32\bcrypt.dll
0x00007ff8d4810000 - 0x00007ff8d4924000 	C:\Windows\System32\RPCRT4.dll
0x00007ff8d3c30000 - 0x00007ff8d3ca1000 	C:\Windows\System32\WS2_32.dll
0x00007ff8d2cc0000 - 0x00007ff8d2d0d000 	C:\Windows\SYSTEM32\POWRPROF.dll
0x00007ff8d0460000 - 0x00007ff8d0494000 	C:\Windows\SYSTEM32\WINMM.dll
0x00007ff8c9060000 - 0x00007ff8c906a000 	C:\Windows\SYSTEM32\VERSION.dll
0x00007ff8d2ca0000 - 0x00007ff8d2cb3000 	C:\Windows\SYSTEM32\UMPDC.dll
0x00007ff8d20a0000 - 0x00007ff8d20b8000 	C:\Windows\SYSTEM32\kernel.appcore.dll
0x00007ff8d0600000 - 0x00007ff8d060a000 	C:\Program Files\Eclipse Adoptium\jdk-17.0.12.7-hotspot\bin\jimage.dll
0x00007ff8d08b0000 - 0x00007ff8d0ae2000 	C:\Windows\SYSTEM32\DBGHELP.DLL
0x00007ff8d5880000 - 0x00007ff8d5c0e000 	C:\Windows\System32\combase.dll
0x00007ff8d4dd0000 - 0x00007ff8d4ea7000 	C:\Windows\System32\OLEAUT32.dll
0x00007ff8d0420000 - 0x00007ff8d0452000 	C:\Windows\SYSTEM32\dbgcore.DLL
0x00007ff8d3520000 - 0x00007ff8d359b000 	C:\Windows\System32\bcryptPrimitives.dll
0x00007ff8bc700000 - 0x00007ff8bc725000 	C:\Program Files\Eclipse Adoptium\jdk-17.0.12.7-hotspot\bin\java.dll
0x00007ff88f750000 - 0x00007ff88f827000 	C:\Program Files\Eclipse Adoptium\jdk-17.0.12.7-hotspot\bin\jsvml.dll
0x00007ff8d4ef0000 - 0x00007ff8d5757000 	C:\Windows\System32\SHELL32.dll
0x00007ff8d0f90000 - 0x00007ff8d188f000 	C:\Windows\SYSTEM32\windows.storage.dll
0x00007ff8d0e40000 - 0x00007ff8d0f7f000 	C:\Windows\SYSTEM32\wintypes.dll
0x00007ff8d3dc0000 - 0x00007ff8d3eb9000 	C:\Windows\System32\SHCORE.dll
0x00007ff8d4a10000 - 0x00007ff8d4a6e000 	C:\Windows\System32\shlwapi.dll
0x00007ff8d2f80000 - 0x00007ff8d2fa7000 	C:\Windows\SYSTEM32\profapi.dll
0x00007ff8bdc50000 - 0x00007ff8bdc69000 	C:\Program Files\Eclipse Adoptium\jdk-17.0.12.7-hotspot\bin\net.dll
0x00007ff8cb800000 - 0x00007ff8cb936000 	C:\Windows\SYSTEM32\WINHTTP.dll
0x00007ff8d2510000 - 0x00007ff8d2579000 	C:\Windows\system32\mswsock.dll
0x00007ff8bd060000 - 0x00007ff8bd076000 	C:\Program Files\Eclipse Adoptium\jdk-17.0.12.7-hotspot\bin\nio.dll
0x00007ff8bc5f0000 - 0x00007ff8bc608000 	C:\Program Files\Eclipse Adoptium\jdk-17.0.12.7-hotspot\bin\zip.dll
0x00007ff88a1a0000 - 0x00007ff88a330000 	C:\Program Files\Eclipse Adoptium\jdk-17.0.12.7-hotspot\bin\awt.dll
0x00007ff8cfa40000 - 0x00007ff8cfad7000 	C:\Windows\SYSTEM32\apphelp.dll
0x00007ff8cfcf0000 - 0x00007ff8cfda1000 	C:\Windows\system32\uxtheme.dll
0x00007ff8d4340000 - 0x00007ff8d449e000 	C:\Windows\System32\MSCTF.dll
0x00007ff8d4a70000 - 0x00007ff8d4c15000 	C:\Windows\System32\ole32.dll
0x00007ff8d0030000 - 0x00007ff8d005b000 	C:\Windows\system32\DWMAPI.DLL
0x00007ff833b30000 - 0x00007ff833c30000 	C:\Windows\system32\opengl32.dll
0x00007ff8338d0000 - 0x00007ff8338fd000 	C:\Windows\SYSTEM32\GLU32.dll
0x00007ff8cfde0000 - 0x00007ff8cfe17000 	C:\Windows\SYSTEM32\dxcore.dll
0x00007ff8710f0000 - 0x00007ff871298000 	C:\Windows\system32\d3d9.dll
0x00007ff8c8920000 - 0x00007ff8c8adb000 	C:\Windows\System32\DriverStore\FileRepository\u0402578.inf_amd64_2d7714f2dfcf501b\B399655\aticfx64.dll
0x00007ff8a1930000 - 0x00007ff8a1964000 	C:\Windows\System32\DriverStore\FileRepository\u0402578.inf_amd64_2d7714f2dfcf501b\B399655\atiu9p64.dll
0x00007ff85cc10000 - 0x00007ff85d957000 	C:\Windows\System32\DriverStore\FileRepository\u0402578.inf_amd64_2d7714f2dfcf501b\B399655\atiumd64.dll
0x0000000074b90000 - 0x0000000075aa3000 	C:\Windows\System32\DriverStore\FileRepository\u0402578.inf_amd64_2d7714f2dfcf501b\B399655\atiumd6a.dll
0x00007ff8d3ec0000 - 0x00007ff8d4334000 	C:\Windows\System32\SETUPAPI.dll
0x00007ff8c8f70000 - 0x00007ff8c8fa5000 	C:\Windows\SYSTEM32\amdihk64.dll
0x00007ff8cd820000 - 0x00007ff8cd869000 	C:\Windows\SYSTEM32\directxdatabasehelper.dll

dbghelp: loaded successfully - version: 4.0.5 - missing functions: none
symbol engine: initialized successfully - sym options: 0x614 - pdb path: .;C:\Program Files\Eclipse Adoptium\jdk-17.0.12.7-hotspot\bin;C:\Windows\SYSTEM32;C:\Windows\WinSxS\amd64_microsoft.windows.common-controls_6595b64144ccf1df_6.0.22621.3672_none_2713b9d173822955;C:\Program Files\Eclipse Adoptium\jdk-17.0.12.7-hotspot\bin\server;C:\Windows\System32\DriverStore\FileRepository\u0402578.inf_amd64_2d7714f2dfcf501b\B399655

VM Arguments:
jvm_args: -XX:+ShowCodeDetailsInExceptionMessages 
java_command: App
java_class_path (initial): C:\Users\jessi\OneDrive\Documents\GitHub\processing-project-Jessica0000000\bin;c:\Users\jessi\OneDrive\Documents\GitHub\processing-project-Jessica0000000\lib\core.jar
Launcher Type: SUN_STANDARD

[Global flags]
     intx CICompilerCount                          = 4                                         {product} {ergonomic}
     uint ConcGCThreads                            = 3                                         {product} {ergonomic}
     uint G1ConcRefinementThreads                  = 10                                        {product} {ergonomic}
   size_t G1HeapRegionSize                         = 1048576                                   {product} {ergonomic}
    uintx GCDrainStackTargetSize                   = 64                                        {product} {ergonomic}
   size_t InitialHeapSize                          = 123731968                                 {product} {ergonomic}
   size_t MarkStackSize                            = 4194304                                   {product} {ergonomic}
   size_t MaxHeapSize                              = 1975517184                                {product} {ergonomic}
   size_t MaxNewSize                               = 1184890880                                {product} {ergonomic}
   size_t MinHeapDeltaBytes                        = 1048576                                   {product} {ergonomic}
   size_t MinHeapSize                              = 8388608                                   {product} {ergonomic}
    uintx NonNMethodCodeHeapSize                   = 5839372                                {pd product} {ergonomic}
    uintx NonProfiledCodeHeapSize                  = 122909434                              {pd product} {ergonomic}
    uintx ProfiledCodeHeapSize                     = 122909434                              {pd product} {ergonomic}
    uintx ReservedCodeCacheSize                    = 251658240                              {pd product} {ergonomic}
     bool SegmentedCodeCache                       = true                                      {product} {ergonomic}
     bool ShowCodeDetailsInExceptionMessages       = true                                   {manageable} {command line}
   size_t SoftMaxHeapSize                          = 1975517184                             {manageable} {ergonomic}
     bool UseCompressedClassPointers               = true                           {product lp64_product} {ergonomic}
     bool UseCompressedOops                        = true                           {product lp64_product} {ergonomic}
     bool UseG1GC                                  = true                                      {product} {ergonomic}
     bool UseLargePagesIndividualAllocation        = false                                  {pd product} {ergonomic}

Logging:
Log output configuration:
 #0: stdout all=warning uptime,level,tags
 #1: stderr all=off uptime,level,tags

Environment Variables:
JAVA_HOME=C:\Program Files\Eclipse Adoptium\jdk-17.0.12.7-hotspot\
PATH=C:\Program Files\Eclipse Adoptium\jdk-17.0.12.7-hotspot\bin;C:\Windows\system32;C:\Windows;C:\Windows\System32\Wbem;C:\Windows\System32\WindowsPowerShell\v1.0\;C:\Windows\System32\OpenSSH\;C:\Program Files\dotnet\;C:\Program Files\Git\cmd;C:\Users\jessi\AppData\Local\Microsoft\WindowsApps;C:\Users\jessi\AppData\Roaming\Amazon;C:\Users\jessi\AppData\Local\Programs\Microsoft VS Code\bin;C:\Users\jessi\AppData\Local\GitHubDesktop\bin
USERNAME=jessi
LANG=en_US.UTF-8
OS=Windows_NT
PROCESSOR_IDENTIFIER=AMD64 Family 25 Model 80 Stepping 0, AuthenticAMD
TMP=C:\Users\jessi\AppData\Local\Temp
TEMP=C:\Users\jessi\AppData\Local\Temp



Periodic native trim disabled


---------------  S Y S T E M  ---------------

OS:
 Windows 11 , 64 bit Build 22621 (10.0.22621.3958)
OS uptime: 5 days 16:41 hours
Hyper-V role detected

CPU: total 12 (initial active 12) (12 cores per cpu, 2 threads per core) family 25 model 80 stepping 0 microcode 0x0, cx8, cmov, fxsr, ht, mmx, 3dnowpref, sse, sse2, sse3, ssse3, sse4a, sse4.1, sse4.2, popcnt, lzcnt, tsc, tscinvbit, avx, avx2, aes, erms, clmul, bmi1, bmi2, adx, sha, fma, vzeroupper, clflush, clflushopt, hv
Processor Information for all 12 processors :
  Max Mhz: 2301, Current Mhz: 2301, Mhz Limit: 2301

Memory: 4k page, system-wide physical 7528M (381M free)
TotalPageFile size 31080M (AvailPageFile size 0M)
current process WorkingSet (physical memory assigned to process): 57M, peak: 57M
current process commit charge ("private bytes"): 225M, peak: 225M

vm_info: OpenJDK 64-Bit Server VM (17.0.12+7) for windows-amd64 JRE (17.0.12+7), built on Jul 16 2024 22:08:24 by "admin" with MS VC++ 16.10 / 16.11 (VS2019)

END.
